#XSPEC version: 12.11.0
#Build Date/Time: Thu Jul  2 16:22:45 2020
#
!XSPEC12> chatter 10
#
!XSPEC12> show data
#
#1 file 1 spectrum 
#Spectrum 1  Spectral Data File: /home/thaddaeus/FMU/Steiner/thaddaeus/1130360198/jspipe/js_ni1130360198_0mpu7_silver_GTI0.jsgrp
#Net count rate (cts/s) for Spectrum:1  1.741e+00 +/- 5.895e-02 (59.8 % total)
# Assigned to Data Group 1 and Plot Group 1
#  Noticed Channels:  36-219
#  Telescope: NICER Instrument: XTI  Channel Type: PI
#  Exposure Time: 872.7 sec
# Using fit statistic: pgstat
# Using Background File                /home/thaddaeus/FMU/Steiner/thaddaeus/1130360198/jspipe/js_ni1130360198_0mpu7_silver_GTI0.bg
#  Background Exposure Time: 872.7 sec
# Using Response (RMF) File            /home/thaddaeus/FMU/Steiner/thaddaeus/nicer_d49_55575341.rmf for Source 1
# Using Auxiliary Response (ARF) File  /home/thaddaeus/FMU/Steiner/thaddaeus/nicer_d49_55575341.arf
#
#
!XSPEC12> show fit
#
#Fit statistic  : PG-Statistic                 205.58     using 184 bins.
#
#Test statistic : Chi-Squared                  240.22     using 184 bins.
# Null hypothesis probability of 4.58e-04 with 172 degrees of freedom
#
!XSPEC12> show param
#
#Parameters defined:
#========================================================================
#Model TBfeo<1>(simpl<2>(diskbb<3> + relxill<4>)) Source No.: 1   Active/On
#Model Model Component  Parameter  Unit     Value
# par  comp
#   1    1   TBfeo      nH         10^22    4.36561      +/-  16.7737      
#   2    1   TBfeo      O                   0.873670     +/-  23.5865      
#   3    1   TBfeo      Fe                  1.61159      +/-  43.9299      
#   4    1   TBfeo      redshift            0.0          frozen
#   5    2   simpl      Gamma               3.44917      +/-  8.12543E-02  
#   6    2   simpl      FracSctr            9.82498E-02  +/-  0.711577     
#   7    2   simpl      UpScOnly            1.00000      frozen
#   8    3   diskbb     Tin        keV      0.149906     +/-  0.429531     
#   9    3   diskbb     norm                1.30138E+04  +/-  3.90322E+05  
#  10    4   relxill    Index1              3.00000      frozen
#  11    4   relxill    Index2              3.00000      frozen
#  12    4   relxill    Rbr                 15.0000      frozen
#  13    4   relxill    a                   1.08173E-02  +/-  3.83822      
#  14    4   relxill    Incl       deg      23.3290      +/-  27.4657      
#  15    4   relxill    Rin                 -1.00000     frozen
#  16    4   relxill    Rout                400.000      frozen
#  17    4   relxill    z                   0.0          frozen
#  18    4   relxill    gamma               3.44917      = p5
#  19    4   relxill    logxi               4.15572E-07  +/-  -1.00000     
#  20    4   relxill    Afe                 4.99486      +/-  7.04981      
#  21    4   relxill    Ecut       keV      300.000      frozen
#  22    4   relxill    refl_frac           -1.00000     frozen
#  23    4   relxill    norm                1.73589E-02  +/-  1.73479E-02  
#________________________________________________________________________
#
#
!XSPEC12> log none
#