#XSPEC version: 12.11.0
#Build Date/Time: Thu Jul  2 16:22:45 2020
#
!XSPEC12> chatter 10
#
!XSPEC12> show data
#
#1 file 1 spectrum 
#Spectrum 1  Spectral Data File: /home/thaddaeus/FMU/Steiner/thaddaeus/1130360227/jspipe/js_ni1130360227_0mpu7_silver_GTI0.jsgrp
#Net count rate (cts/s) for Spectrum:1  1.862e+01 +/- 1.869e-01 (98.2 % total)
# Assigned to Data Group 1 and Plot Group 1
#  Noticed Channels:  34-239
#  Telescope: NICER Instrument: XTI  Channel Type: PI
#  Exposure Time: 543.7 sec
# Using fit statistic: pgstat
# Using Background File                /home/thaddaeus/FMU/Steiner/thaddaeus/1130360227/jspipe/js_ni1130360227_0mpu7_silver_GTI0.bg
#  Background Exposure Time: 543.7 sec
# Using Response (RMF) File            /home/thaddaeus/FMU/Steiner/thaddaeus/nicer_d49_55575341.rmf for Source 1
# Using Auxiliary Response (ARF) File  /home/thaddaeus/FMU/Steiner/thaddaeus/nicer_d49_55575341.arf
#
#
!XSPEC12> show fit
#
#Fit statistic  : PG-Statistic                 211.74     using 206 bins.
#
#Test statistic : Chi-Squared                  225.31     using 206 bins.
# Null hypothesis probability of 6.12e-02 with 194 degrees of freedom
#
!XSPEC12> show param
#
#Parameters defined:
#========================================================================
#Model TBfeo<1>(simpl<2>(diskbb<3> + relxill<4>)) Source No.: 1   Active/On
#Model Model Component  Parameter  Unit     Value
# par  comp
#   1    1   TBfeo      nH         10^22    4.28643      +/-  3.30429      
#   2    1   TBfeo      O                   1.02918      +/-  1.89756      
#   3    1   TBfeo      Fe                  1.10403      +/-  3.33299      
#   4    1   TBfeo      redshift            0.0          frozen
#   5    2   simpl      Gamma               2.34289      +/-  1.16715      
#   6    2   simpl      FracSctr            3.61068E-02  +/-  4.56185E-02  
#   7    2   simpl      UpScOnly            1.00000      frozen
#   8    3   diskbb     Tin        keV      0.149369     +/-  3.48008E-02  
#   9    3   diskbb     norm                3.90990E+05  +/-  1.12973E+06  
#  10    4   relxill    Index1              3.00000      frozen
#  11    4   relxill    Index2              3.00000      frozen
#  12    4   relxill    Rbr                 15.0000      frozen
#  13    4   relxill    a                   0.998000     +/-  1.31463      
#  14    4   relxill    Incl       deg      60.8014      +/-  11.6952      
#  15    4   relxill    Rin                 -1.00000     frozen
#  16    4   relxill    Rout                400.000      frozen
#  17    4   relxill    z                   0.0          frozen
#  18    4   relxill    gamma               2.34289      = p5
#  19    4   relxill    logxi               0.986300     +/-  3.11508      
#  20    4   relxill    Afe                 0.500000     +/-  1.49372      
#  21    4   relxill    Ecut       keV      300.000      frozen
#  22    4   relxill    refl_frac           -1.00000     frozen
#  23    4   relxill    norm                2.36199E-03  +/-  7.21733E-03  
#________________________________________________________________________
#
#
!XSPEC12> log none
#