#XSPEC version: 12.11.0
#Build Date/Time: Thu Jul  2 16:22:45 2020
#
!XSPEC12> chatter 10
#
!XSPEC12> show data
#
#1 file 1 spectrum 
#Spectrum 1  Spectral Data File: /home/thaddaeus/FMU/Steiner/thaddaeus/1130360189/jspipe/js_ni1130360189_0mpu7_silver_GTI0.jsgrp
#Net count rate (cts/s) for Spectrum:1  1.903e+01 +/- 4.045e-01 (82.8 % total)
# Assigned to Data Group 1 and Plot Group 1
#  Noticed Channels:  31-220
#  Telescope: NICER Instrument: XTI  Channel Type: PI
#  Exposure Time: 140.9 sec
# Using fit statistic: pgstat
# Using Background File                /home/thaddaeus/FMU/Steiner/thaddaeus/1130360189/jspipe/js_ni1130360189_0mpu7_silver_GTI0.bg
#  Background Exposure Time: 140.9 sec
# Using Response (RMF) File            /home/thaddaeus/FMU/Steiner/thaddaeus/nicer_d49_55575341.rmf for Source 1
# Using Auxiliary Response (ARF) File  /home/thaddaeus/FMU/Steiner/thaddaeus/nicer_d49_55575341.arf
#
#
!XSPEC12> show fit
#
#Fit statistic  : PG-Statistic                 186.53     using 190 bins.
#
#Test statistic : Chi-Squared                  199.33     using 190 bins.
# Null hypothesis probability of 1.31e-01 with 178 degrees of freedom
#
!XSPEC12> show param
#
#Parameters defined:
#========================================================================
#Model TBfeo<1>(simpl<2>(diskbb<3> + relxill<4>)) Source No.: 1   Active/On
#Model Model Component  Parameter  Unit     Value
# par  comp
#   1    1   TBfeo      nH         10^22    3.84593      +/-  5.38133      
#   2    1   TBfeo      O                   0.692740     +/-  7.38300      
#   3    1   TBfeo      Fe                  1.03183      +/-  18.2933      
#   4    1   TBfeo      redshift            0.0          frozen
#   5    2   simpl      Gamma               3.06568      +/-  2.95815      
#   6    2   simpl      FracSctr            0.401312     +/-  0.869559     
#   7    2   simpl      UpScOnly            1.00000      frozen
#   8    3   diskbb     Tin        keV      2.82513      +/-  113.052      
#   9    3   diskbb     norm                6.09910E-03  +/-  0.498900     
#  10    4   relxill    Index1              3.00000      frozen
#  11    4   relxill    Index2              3.00000      frozen
#  12    4   relxill    Rbr                 15.0000      frozen
#  13    4   relxill    a                   0.548848     +/-  1.93220      
#  14    4   relxill    Incl       deg      41.1912      +/-  11.3622      
#  15    4   relxill    Rin                 -1.00000     frozen
#  16    4   relxill    Rout                400.000      frozen
#  17    4   relxill    z                   0.0          frozen
#  18    4   relxill    gamma               3.06568      = p5
#  19    4   relxill    logxi               2.48606E-07  +/-  -1.00000     
#  20    4   relxill    Afe                 2.40543      +/-  21.0334      
#  21    4   relxill    Ecut       keV      300.000      frozen
#  22    4   relxill    refl_frac           -1.00000     frozen
#  23    4   relxill    norm                2.07694E-02  +/-  0.121033     
#________________________________________________________________________
#
#
!XSPEC12> log none
#