#XSPEC version: 12.11.0
#Build Date/Time: Thu Jul  2 16:22:45 2020
#
!XSPEC12> chatter 10
#
!XSPEC12> show data
#
#1 file 1 spectrum 
#Spectrum 1  Spectral Data File: /home/thaddaeus/FMU/Steiner/thaddaeus/1130360201/jspipe/js_ni1130360201_0mpu7_silver_GTI0.jsgrp
#Net count rate (cts/s) for Spectrum:1  4.626e+01 +/- 2.345e-01 (98.7 % total)
# Assigned to Data Group 1 and Plot Group 1
#  Noticed Channels:  38-253
#  Telescope: NICER Instrument: XTI  Channel Type: PI
#  Exposure Time: 852.7 sec
# Using fit statistic: pgstat
# Using Background File                /home/thaddaeus/FMU/Steiner/thaddaeus/1130360201/jspipe/js_ni1130360201_0mpu7_silver_GTI0.bg
#  Background Exposure Time: 852.7 sec
# Using Response (RMF) File            /home/thaddaeus/FMU/Steiner/thaddaeus/nicer_d49_55575341.rmf for Source 1
# Using Auxiliary Response (ARF) File  /home/thaddaeus/FMU/Steiner/thaddaeus/nicer_d49_55575341.arf
#
#
!XSPEC12> show fit
#
#Fit statistic  : PG-Statistic                 236.65     using 216 bins.
#
#Test statistic : Chi-Squared                  236.97     using 216 bins.
# Null hypothesis probability of 5.65e-02 with 204 degrees of freedom
#
!XSPEC12> show param
#
#Parameters defined:
#========================================================================
#Model TBfeo<1>(simpl<2>(diskbb<3> + relxill<4>)) Source No.: 1   Active/On
#Model Model Component  Parameter  Unit     Value
# par  comp
#   1    1   TBfeo      nH         10^22    3.88794      +/-  1.34238      
#   2    1   TBfeo      O                   1.18002      +/-  1.76704      
#   3    1   TBfeo      Fe                  0.909694     +/-  3.44582      
#   4    1   TBfeo      redshift            0.0          frozen
#   5    2   simpl      Gamma               3.08303      +/-  0.461190     
#   6    2   simpl      FracSctr            5.43053E-02  +/-  3.04563E-02  
#   7    2   simpl      UpScOnly            1.00000      frozen
#   8    3   diskbb     Tin        keV      0.149122     +/-  1.74081E-02  
#   9    3   diskbb     norm                1.14866E+06  +/-  1.49498E+06  
#  10    4   relxill    Index1              3.00000      frozen
#  11    4   relxill    Index2              3.00000      frozen
#  12    4   relxill    Rbr                 15.0000      frozen
#  13    4   relxill    a                   0.943919     +/-  0.268335     
#  14    4   relxill    Incl       deg      36.7830      +/-  4.29152      
#  15    4   relxill    Rin                 -1.00000     frozen
#  16    4   relxill    Rout                400.000      frozen
#  17    4   relxill    z                   0.0          frozen
#  18    4   relxill    gamma               3.08303      = p5
#  19    4   relxill    logxi               4.22294E-07  +/-  -1.00000     
#  20    4   relxill    Afe                 0.500000     +/-  0.779970     
#  21    4   relxill    Ecut       keV      300.000      frozen
#  22    4   relxill    refl_frac           -1.00000     frozen
#  23    4   relxill    norm                6.35017E-02  +/-  0.108065     
#________________________________________________________________________
#
#
!XSPEC12> log none
#