#XSPEC version: 12.11.0
#Build Date/Time: Thu Jul  2 16:22:45 2020
#
!XSPEC12> chatter 10
#
!XSPEC12> show data
#
#1 file 1 spectrum 
#Spectrum 1  Spectral Data File: /home/thaddaeus/FMU/Steiner/thaddaeus/1130360206/jspipe/js_ni1130360206_0mpu7_silver_GTI0.jsgrp
#Net count rate (cts/s) for Spectrum:1  1.314e+02 +/- 7.990e-01 (99.5 % total)
# Assigned to Data Group 1 and Plot Group 1
#  Noticed Channels:  38-225
#  Telescope: NICER Instrument: XTI  Channel Type: PI
#  Exposure Time: 206.9 sec
# Using fit statistic: pgstat
# Using Background File                /home/thaddaeus/FMU/Steiner/thaddaeus/1130360206/jspipe/js_ni1130360206_0mpu7_silver_GTI0.bg
#  Background Exposure Time: 206.9 sec
# Using Response (RMF) File            /home/thaddaeus/FMU/Steiner/thaddaeus/nicer_d49_55575341.rmf for Source 1
# Using Auxiliary Response (ARF) File  /home/thaddaeus/FMU/Steiner/thaddaeus/nicer_d49_55575341.arf
#
#
!XSPEC12> show fit
#
#Fit statistic  : PG-Statistic                 187.07     using 188 bins.
#
#Test statistic : Chi-Squared                  191.00     using 188 bins.
# Null hypothesis probability of 2.08e-01 with 176 degrees of freedom
#
!XSPEC12> show param
#
#Parameters defined:
#========================================================================
#Model TBfeo<1>(simpl<2>(diskbb<3> + relxill<4>)) Source No.: 1   Active/On
#Model Model Component  Parameter  Unit     Value
# par  comp
#   1    1   TBfeo      nH         10^22    3.84450      +/-  1.22602      
#   2    1   TBfeo      O                   0.638243     +/-  1.40454      
#   3    1   TBfeo      Fe                  0.909694     +/-  3.39797      
#   4    1   TBfeo      redshift            0.0          frozen
#   5    2   simpl      Gamma               3.35409      +/-  0.950483     
#   6    2   simpl      FracSctr            9.36314E-02  +/-  0.107075     
#   7    2   simpl      UpScOnly            1.00000      frozen
#   8    3   diskbb     Tin        keV      0.388951     +/-  3.68961E-02  
#   9    3   diskbb     norm                5858.21      +/-  4195.83      
#  10    4   relxill    Index1              3.00000      frozen
#  11    4   relxill    Index2              3.00000      frozen
#  12    4   relxill    Rbr                 15.0000      frozen
#  13    4   relxill    a                   0.979040     +/-  3.82547      
#  14    4   relxill    Incl       deg      55.1770      +/-  23.1240      
#  15    4   relxill    Rin                 -1.00000     frozen
#  16    4   relxill    Rout                400.000      frozen
#  17    4   relxill    z                   0.0          frozen
#  18    4   relxill    gamma               3.35409      = p5
#  19    4   relxill    logxi               0.647022     +/-  4.98824      
#  20    4   relxill    Afe                 0.656281     +/-  2.19971      
#  21    4   relxill    Ecut       keV      300.000      frozen
#  22    4   relxill    refl_frac           -1.00000     frozen
#  23    4   relxill    norm                8.70077E-02  +/-  0.413846     
#________________________________________________________________________
#
#
!XSPEC12> log none
#