#XSPEC version: 12.11.0
#Build Date/Time: Thu Jul  2 16:22:45 2020
#
!XSPEC12> chatter 10
#
!XSPEC12> show data
#
#1 file 1 spectrum 
#Spectrum 1  Spectral Data File: /home/thaddaeus/FMU/Steiner/thaddaeus/1130360222/jspipe/js_ni1130360222_0mpu7_silver_GTI0.jsgrp
#Net count rate (cts/s) for Spectrum:1  2.434e+00 +/- 5.977e-02 (80.7 % total)
# Assigned to Data Group 1 and Plot Group 1
#  Noticed Channels:  35-217
#  Telescope: NICER Instrument: XTI  Channel Type: PI
#  Exposure Time: 859.7 sec
# Using fit statistic: pgstat
# Using Background File                /home/thaddaeus/FMU/Steiner/thaddaeus/1130360222/jspipe/js_ni1130360222_0mpu7_silver_GTI0.bg
#  Background Exposure Time: 859.7 sec
# Using Response (RMF) File            /home/thaddaeus/FMU/Steiner/thaddaeus/nicer_d49_55575341.rmf for Source 1
# Using Auxiliary Response (ARF) File  /home/thaddaeus/FMU/Steiner/thaddaeus/nicer_d49_55575341.arf
#
#
!XSPEC12> show fit
#
#Fit statistic  : PG-Statistic                 184.03     using 183 bins.
#
#Test statistic : Chi-Squared                  190.77     using 183 bins.
# Null hypothesis probability of 1.43e-01 with 171 degrees of freedom
#
!XSPEC12> show param
#
#Parameters defined:
#========================================================================
#Model TBfeo<1>(simpl<2>(diskbb<3> + relxill<4>)) Source No.: 1   Active/On
#Model Model Component  Parameter  Unit     Value
# par  comp
#   1    1   TBfeo      nH         10^22    3.88725      +/-  7.96795      
#   2    1   TBfeo      O                   1.07157      +/-  7.37248      
#   3    1   TBfeo      Fe                  1.86044      +/-  15.0488      
#   4    1   TBfeo      redshift            0.0          frozen
#   5    2   simpl      Gamma               2.03256      +/-  0.704431     
#   6    2   simpl      FracSctr            1.72517E-02  +/-  7.19396E-02  
#   7    2   simpl      UpScOnly            1.00000      frozen
#   8    3   diskbb     Tin        keV      0.149592     +/-  0.134348     
#   9    3   diskbb     norm                3.96406E+04  +/-  3.21443E+05  
#  10    4   relxill    Index1              3.00000      frozen
#  11    4   relxill    Index2              3.00000      frozen
#  12    4   relxill    Rbr                 15.0000      frozen
#  13    4   relxill    a                   0.954696     +/-  1.50667      
#  14    4   relxill    Incl       deg      30.2404      +/-  15.0375      
#  15    4   relxill    Rin                 -1.00000     frozen
#  16    4   relxill    Rout                400.000      frozen
#  17    4   relxill    z                   0.0          frozen
#  18    4   relxill    gamma               2.03256      = p5
#  19    4   relxill    logxi               2.34047      +/-  0.413745     
#  20    4   relxill    Afe                 0.500000     +/-  3.08271      
#  21    4   relxill    Ecut       keV      300.000      frozen
#  22    4   relxill    refl_frac           -1.00000     frozen
#  23    4   relxill    norm                1.81670E-04  +/-  3.43555E-04  
#________________________________________________________________________
#
#
!XSPEC12> log none
#