#XSPEC version: 12.11.0
#Build Date/Time: Thu Jul  2 16:22:45 2020
#
!XSPEC12> chatter 10
#
!XSPEC12> show data
#
#1 file 1 spectrum 
#Spectrum 1  Spectral Data File: /home/thaddaeus/FMU/Steiner/thaddaeus/1130360192/jspipe/js_ni1130360192_0mpu7_silver_GTI0.jsgrp
#Net count rate (cts/s) for Spectrum:1  4.026e+00 +/- 6.120e-02 (81.9 % total)
# Assigned to Data Group 1 and Plot Group 1
#  Noticed Channels:  38-246
#  Telescope: NICER Instrument: XTI  Channel Type: PI
#  Exposure Time: 1350 sec
# Using fit statistic: pgstat
# Using Background File                /home/thaddaeus/FMU/Steiner/thaddaeus/1130360192/jspipe/js_ni1130360192_0mpu7_silver_GTI0.bg
#  Background Exposure Time: 1350 sec
# Using Response (RMF) File            /home/thaddaeus/FMU/Steiner/thaddaeus/nicer_d49_55575341.rmf for Source 1
# Using Auxiliary Response (ARF) File  /home/thaddaeus/FMU/Steiner/thaddaeus/nicer_d49_55575341.arf
#
#
!XSPEC12> show fit
#
#Fit statistic  : PG-Statistic                 196.17     using 209 bins.
#
#Test statistic : Chi-Squared                  197.04     using 209 bins.
# Null hypothesis probability of 4.86e-01 with 197 degrees of freedom
#
!XSPEC12> show param
#
#Parameters defined:
#========================================================================
#Model TBfeo<1>(simpl<2>(diskbb<3> + relxill<4>)) Source No.: 1   Active/On
#Model Model Component  Parameter  Unit     Value
# par  comp
#   1    1   TBfeo      nH         10^22    2.56034      +/-  3.57029      
#   2    1   TBfeo      O                   5.00000E-02  +/-  11.5541      
#   3    1   TBfeo      Fe                  1.03748      +/-  14.9378      
#   4    1   TBfeo      redshift            0.0          frozen
#   5    2   simpl      Gamma               1.53012      +/-  10.9175      
#   6    2   simpl      FracSctr            0.193495     +/-  2.12346      
#   7    2   simpl      UpScOnly            1.00000      frozen
#   8    3   diskbb     Tin        keV      1.98271      +/-  1.99657      
#   9    3   diskbb     norm                0.119617     +/-  0.419699     
#  10    4   relxill    Index1              3.00000      frozen
#  11    4   relxill    Index2              3.00000      frozen
#  12    4   relxill    Rbr                 15.0000      frozen
#  13    4   relxill    a                   0.997950     +/-  1.56146      
#  14    4   relxill    Incl       deg      86.3677      +/-  49.2208      
#  15    4   relxill    Rin                 -1.00000     frozen
#  16    4   relxill    Rout                400.000      frozen
#  17    4   relxill    z                   0.0          frozen
#  18    4   relxill    gamma               1.53012      = p5
#  19    4   relxill    logxi               2.20136      +/-  25.8891      
#  20    4   relxill    Afe                 10.0000      +/-  559.101      
#  21    4   relxill    Ecut       keV      300.000      frozen
#  22    4   relxill    refl_frac           -1.00000     frozen
#  23    4   relxill    norm                1.18856E-05  +/-  3.31034E-04  
#________________________________________________________________________
#
#
!XSPEC12> log none
#