#XSPEC version: 12.11.0
#Build Date/Time: Thu Jul  2 16:22:45 2020
#
!XSPEC12> chatter 10
#
!XSPEC12> show data
#
#1 file 1 spectrum 
#Spectrum 1  Spectral Data File: /home/thaddaeus/FMU/Steiner/thaddaeus/1130360190/jspipe/js_ni1130360190_0mpu7_silver_GTI0.jsgrp
#Net count rate (cts/s) for Spectrum:1  1.128e+01 +/- 2.439e-01 (94.0 % total)
# Assigned to Data Group 1 and Plot Group 1
#  Noticed Channels:  25-186
#  Telescope: NICER Instrument: XTI  Channel Type: PI
#  Exposure Time: 201.9 sec
# Using fit statistic: pgstat
# Using Background File                /home/thaddaeus/FMU/Steiner/thaddaeus/1130360190/jspipe/js_ni1130360190_0mpu7_silver_GTI0.bg
#  Background Exposure Time: 201.9 sec
# Using Response (RMF) File            /home/thaddaeus/FMU/Steiner/thaddaeus/nicer_d49_55575341.rmf for Source 1
# Using Auxiliary Response (ARF) File  /home/thaddaeus/FMU/Steiner/thaddaeus/nicer_d49_55575341.arf
#
#
!XSPEC12> show fit
#
#Fit statistic  : PG-Statistic                 161.94     using 162 bins.
#
#Test statistic : Chi-Squared                  196.81     using 162 bins.
# Null hypothesis probability of 6.19e-03 with 150 degrees of freedom
#
!XSPEC12> show param
#
#Parameters defined:
#========================================================================
#Model TBfeo<1>(simpl<2>(diskbb<3> + relxill<4>)) Source No.: 1   Active/On
#Model Model Component  Parameter  Unit     Value
# par  comp
#   1    1   TBfeo      nH         10^22    2.84539      +/-  6.79857      
#   2    1   TBfeo      O                   5.00000E-02  +/-  13.3307      
#   3    1   TBfeo      Fe                  0.942247     +/-  18.3401      
#   4    1   TBfeo      redshift            0.0          frozen
#   5    2   simpl      Gamma               1.39643      +/-  3.37041      
#   6    2   simpl      FracSctr            0.990052     +/-  2.56778      
#   7    2   simpl      UpScOnly            1.00000      frozen
#   8    3   diskbb     Tin        keV      0.882124     +/-  326.633      
#   9    3   diskbb     norm                0.106222     +/-  174.510      
#  10    4   relxill    Index1              3.00000      frozen
#  11    4   relxill    Index2              3.00000      frozen
#  12    4   relxill    Rbr                 15.0000      frozen
#  13    4   relxill    a                   0.269563     +/-  95.2909      
#  14    4   relxill    Incl       deg      66.9403      +/-  1174.84      
#  15    4   relxill    Rin                 -1.00000     frozen
#  16    4   relxill    Rout                400.000      frozen
#  17    4   relxill    z                   0.0          frozen
#  18    4   relxill    gamma               1.39643      = p5
#  19    4   relxill    logxi               2.16264      +/-  37.8964      
#  20    4   relxill    Afe                 0.500000     +/-  74.1999      
#  21    4   relxill    Ecut       keV      300.000      frozen
#  22    4   relxill    refl_frac           -1.00000     frozen
#  23    4   relxill    norm                1.98557E-03  +/-  3.58868E-02  
#________________________________________________________________________
#
#
!XSPEC12> log none
#