#XSPEC version: 12.11.0
#Build Date/Time: Thu Jul  2 16:22:45 2020
#
!XSPEC12> chatter 10
#
!XSPEC12> show data
#
#1 file 1 spectrum 
#Spectrum 1  Spectral Data File: /home/thaddaeus/FMU/Steiner/thaddaeus/1130360245/jspipe/js_ni1130360245_0mpu7_silver_GTI0.jsgrp
#Net count rate (cts/s) for Spectrum:1  1.367e+00 +/- 8.021e-02 (71.3 % total)
# Assigned to Data Group 1 and Plot Group 1
#  Noticed Channels:  24-121
#  Telescope: NICER Instrument: XTI  Channel Type: PI
#  Exposure Time: 300.9 sec
# Using fit statistic: pgstat
# Using Background File                /home/thaddaeus/FMU/Steiner/thaddaeus/1130360245/jspipe/js_ni1130360245_0mpu7_silver_GTI0.bg
#  Background Exposure Time: 300.9 sec
# Using Response (RMF) File            /home/thaddaeus/FMU/Steiner/thaddaeus/nicer_d49_55575341.rmf for Source 1
# Using Auxiliary Response (ARF) File  /home/thaddaeus/FMU/Steiner/thaddaeus/nicer_d49_55575341.arf
#
#
!XSPEC12> show fit
#
#Fit statistic  : PG-Statistic                  85.71     using 98 bins.
#
#Test statistic : Chi-Squared                   91.46     using 98 bins.
# Null hypothesis probability of 3.23e-01 with 86 degrees of freedom
#
!XSPEC12> show param
#
#Parameters defined:
#========================================================================
#Model TBfeo<1>(simpl<2>(diskbb<3> + relxill<4>)) Source No.: 1   Active/On
#Model Model Component  Parameter  Unit     Value
# par  comp
#   1    1   TBfeo      nH         10^22    3.47010      +/-  19.9459      
#   2    1   TBfeo      O                   0.744403     +/-  18.6936      
#   3    1   TBfeo      Fe                  1.17655      +/-  29.9645      
#   4    1   TBfeo      redshift            0.0          frozen
#   5    2   simpl      Gamma               1.39414      +/-  1525.96      
#   6    2   simpl      FracSctr            4.98981E-03  +/-  5410.55      
#   7    2   simpl      UpScOnly            1.00000      frozen
#   8    3   diskbb     Tin        keV      0.148410     +/-  6.30282E+13  
#   9    3   diskbb     norm                16.7342      +/-  3360.92      
#  10    4   relxill    Index1              3.00000      frozen
#  11    4   relxill    Index2              3.00000      frozen
#  12    4   relxill    Rbr                 15.0000      frozen
#  13    4   relxill    a                   0.998000     +/-  2317.79      
#  14    4   relxill    Incl       deg      84.7659      +/-  2.68205E+04  
#  15    4   relxill    Rin                 -1.00000     frozen
#  16    4   relxill    Rout                400.000      frozen
#  17    4   relxill    z                   0.0          frozen
#  18    4   relxill    gamma               1.39414      = p5
#  19    4   relxill    logxi               4.68109      +/-  1.81630E+04  
#  20    4   relxill    Afe                 0.500000     +/-  2.73499E+05  
#  21    4   relxill    Ecut       keV      300.000      frozen
#  22    4   relxill    refl_frac           -1.00000     frozen
#  23    4   relxill    norm                4.80105E-05  +/-  0.646006     
#________________________________________________________________________
#
#
!XSPEC12> log none
#