#XSPEC version: 12.11.0
#Build Date/Time: Thu Jul  2 16:22:45 2020
#
!XSPEC12> chatter 10
#
!XSPEC12> show data
#
#1 file 1 spectrum 
#Spectrum 1  Spectral Data File: /home/thaddaeus/FMU/Steiner/thaddaeus/1130360184/jspipe/js_ni1130360184_0mpu7_silver_GTI0.jsgrp
#Net count rate (cts/s) for Spectrum:1  1.815e+02 +/- 9.200e-01 (99.8 % total)
# Assigned to Data Group 1 and Plot Group 1
#  Noticed Channels:  38-197
#  Telescope: NICER Instrument: XTI  Channel Type: PI
#  Exposure Time: 214.9 sec
# Using fit statistic: pgstat
# Using Background File                /home/thaddaeus/FMU/Steiner/thaddaeus/1130360184/jspipe/js_ni1130360184_0mpu7_silver_GTI0.bg
#  Background Exposure Time: 214.9 sec
# Using Response (RMF) File            /home/thaddaeus/FMU/Steiner/thaddaeus/nicer_d49_55575341.rmf for Source 1
# Using Auxiliary Response (ARF) File  /home/thaddaeus/FMU/Steiner/thaddaeus/nicer_d49_55575341.arf
#
#
!XSPEC12> show fit
#
#Fit statistic  : PG-Statistic                 146.97     using 160 bins.
#
#Test statistic : Chi-Squared                  149.88     using 160 bins.
# Null hypothesis probability of 4.41e-01 with 148 degrees of freedom
#
!XSPEC12> show param
#
#Parameters defined:
#========================================================================
#Model TBfeo<1>(simpl<2>(diskbb<3> + relxill<4>)) Source No.: 1   Active/On
#Model Model Component  Parameter  Unit     Value
# par  comp
#   1    1   TBfeo      nH         10^22    3.68341      +/-  1.42028      
#   2    1   TBfeo      O                   0.675630     +/-  1.73731      
#   3    1   TBfeo      Fe                  0.977861     +/-  3.68890      
#   4    1   TBfeo      redshift            0.0          frozen
#   5    2   simpl      Gamma               3.38470      +/-  0.273763     
#   6    2   simpl      FracSctr            7.46082E-03  +/-  3.48591E-02  
#   7    2   simpl      UpScOnly            1.00000      frozen
#   8    3   diskbb     Tin        keV      0.464906     +/-  3.99947E-02  
#   9    3   diskbb     norm                3827.85      +/-  2167.03      
#  10    4   relxill    Index1              3.00000      frozen
#  11    4   relxill    Index2              3.00000      frozen
#  12    4   relxill    Rbr                 15.0000      frozen
#  13    4   relxill    a                   0.998000     +/-  8.02705      
#  14    4   relxill    Incl       deg      5.00000      +/-  144.648      
#  15    4   relxill    Rin                 -1.00000     frozen
#  16    4   relxill    Rout                400.000      frozen
#  17    4   relxill    z                   0.0          frozen
#  18    4   relxill    gamma               3.38470      = p5
#  19    4   relxill    logxi               3.10936      +/-  0.845053     
#  20    4   relxill    Afe                 0.500000     +/-  1.13021      
#  21    4   relxill    Ecut       keV      300.000      frozen
#  22    4   relxill    refl_frac           -1.00000     frozen
#  23    4   relxill    norm                3.59703E-02  +/-  0.124557     
#________________________________________________________________________
#
#
!XSPEC12> log none
#