#XSPEC version: 12.11.0
#Build Date/Time: Thu Jul  2 16:22:45 2020
#
!XSPEC12> chatter 10
#
!XSPEC12> show data
#
#1 file 1 spectrum 
#Spectrum 1  Spectral Data File: /home/thaddaeus/FMU/Steiner/thaddaeus/1130360212/jspipe/js_ni1130360212_0mpu7_silver_GTI0.jsgrp
#Net count rate (cts/s) for Spectrum:1  1.104e+01 +/- 3.000e-01 (74.9 % total)
# Assigned to Data Group 1 and Plot Group 1
#  Noticed Channels:  24-194
#  Telescope: NICER Instrument: XTI  Channel Type: PI
#  Exposure Time: 164.9 sec
# Using fit statistic: pgstat
# Using Background File                /home/thaddaeus/FMU/Steiner/thaddaeus/1130360212/jspipe/js_ni1130360212_0mpu7_silver_GTI0.bg
#  Background Exposure Time: 164.9 sec
# Using Response (RMF) File            /home/thaddaeus/FMU/Steiner/thaddaeus/nicer_d49_55575341.rmf for Source 1
# Using Auxiliary Response (ARF) File  /home/thaddaeus/FMU/Steiner/thaddaeus/nicer_d49_55575341.arf
#
#
!XSPEC12> show fit
#
#Fit statistic  : PG-Statistic                 171.75     using 171 bins.
#
#Test statistic : Chi-Squared                  208.78     using 171 bins.
# Null hypothesis probability of 4.94e-03 with 159 degrees of freedom
#
!XSPEC12> show param
#
#Parameters defined:
#========================================================================
#Model TBfeo<1>(simpl<2>(diskbb<3> + relxill<4>)) Source No.: 1   Active/On
#Model Model Component  Parameter  Unit     Value
# par  comp
#   1    1   TBfeo      nH         10^22    3.75100      +/-  7.94868      
#   2    1   TBfeo      O                   0.932136     +/-  17.3006      
#   3    1   TBfeo      Fe                  1.00396      +/-  43.3013      
#   4    1   TBfeo      redshift            0.0          frozen
#   5    2   simpl      Gamma               2.38701      +/-  4.56963      
#   6    2   simpl      FracSctr            4.98981E-03  +/-  2.31870      
#   7    2   simpl      UpScOnly            1.00000      frozen
#   8    3   diskbb     Tin        keV      1.95741      +/-  8.24575      
#   9    3   diskbb     norm                0.248792     +/-  4.19681      
#  10    4   relxill    Index1              3.00000      frozen
#  11    4   relxill    Index2              3.00000      frozen
#  12    4   relxill    Rbr                 15.0000      frozen
#  13    4   relxill    a                   0.185528     +/-  5.22602      
#  14    4   relxill    Incl       deg      5.00000      +/-  747.848      
#  15    4   relxill    Rin                 -1.00000     frozen
#  16    4   relxill    Rout                400.000      frozen
#  17    4   relxill    z                   0.0          frozen
#  18    4   relxill    gamma               2.38701      = p5
#  19    4   relxill    logxi               4.46853      +/-  13.5180      
#  20    4   relxill    Afe                 10.0000      +/-  758.128      
#  21    4   relxill    Ecut       keV      300.000      frozen
#  22    4   relxill    refl_frac           -1.00000     frozen
#  23    4   relxill    norm                1.32519E-04  +/-  1.60273E-03  
#________________________________________________________________________
#
#
!XSPEC12> log none
#