#XSPEC version: 12.11.0
#Build Date/Time: Thu Jul  2 16:22:45 2020
#
!XSPEC12> chatter 10
#
!XSPEC12> show data
#
#1 file 1 spectrum 
#Spectrum 1  Spectral Data File: /home/thaddaeus/FMU/Steiner/thaddaeus/1130360229/jspipe/js_ni1130360229_0mpu7_silver_GTI0.jsgrp
#Net count rate (cts/s) for Spectrum:1  5.994e+01 +/- 6.315e-01 (87.8 % total)
# Assigned to Data Group 1 and Plot Group 1
#  Noticed Channels:  37-247
#  Telescope: NICER Instrument: XTI  Channel Type: PI
#  Exposure Time: 171.9 sec
# Using fit statistic: pgstat
# Using Background File                /home/thaddaeus/FMU/Steiner/thaddaeus/1130360229/jspipe/js_ni1130360229_0mpu7_silver_GTI0.bg
#  Background Exposure Time: 171.9 sec
# Using Response (RMF) File            /home/thaddaeus/FMU/Steiner/thaddaeus/nicer_d49_55575341.rmf for Source 1
# Using Auxiliary Response (ARF) File  /home/thaddaeus/FMU/Steiner/thaddaeus/nicer_d49_55575341.arf
#
#
!XSPEC12> show fit
#
#Fit statistic  : PG-Statistic                 200.99     using 211 bins.
#
#Test statistic : Chi-Squared                  212.59     using 211 bins.
# Null hypothesis probability of 2.42e-01 with 199 degrees of freedom
#
!XSPEC12> show param
#
#Parameters defined:
#========================================================================
#Model TBfeo<1>(simpl<2>(diskbb<3> + relxill<4>)) Source No.: 1   Active/On
#Model Model Component  Parameter  Unit     Value
# par  comp
#   1    1   TBfeo      nH         10^22    4.54055      +/-  2.52885      
#   2    1   TBfeo      O                   0.785244     +/-  4.98393      
#   3    1   TBfeo      Fe                  1.37543      +/-  12.3262      
#   4    1   TBfeo      redshift            0.0          frozen
#   5    2   simpl      Gamma               3.41500      +/-  0.327465     
#   6    2   simpl      FracSctr            8.45729E-02  +/-  6.11905E-02  
#   7    2   simpl      UpScOnly            1.00000      frozen
#   8    3   diskbb     Tin        keV      0.176740     +/-  2.54342E-02  
#   9    3   diskbb     norm                6.87294E+05  +/-  1.38421E+06  
#  10    4   relxill    Index1              3.00000      frozen
#  11    4   relxill    Index2              3.00000      frozen
#  12    4   relxill    Rbr                 15.0000      frozen
#  13    4   relxill    a                   0.994619     +/-  11.9167      
#  14    4   relxill    Incl       deg      31.0155      +/-  24.1288      
#  15    4   relxill    Rin                 -1.00000     frozen
#  16    4   relxill    Rout                400.000      frozen
#  17    4   relxill    z                   0.0          frozen
#  18    4   relxill    gamma               3.41500      = p5
#  19    4   relxill    logxi               2.74998E-07  +/-  -1.00000     
#  20    4   relxill    Afe                 5.37093      +/-  14.8680      
#  21    4   relxill    Ecut       keV      300.000      frozen
#  22    4   relxill    refl_frac           -1.00000     frozen
#  23    4   relxill    norm                0.197609     +/-  1.01516      
#________________________________________________________________________
#
#
!XSPEC12> log none
#