#XSPEC version: 12.11.0
#Build Date/Time: Thu Jul  2 16:22:45 2020
#
!XSPEC12> chatter 10
#
!XSPEC12> show data
#
#1 file 1 spectrum 
#Spectrum 1  Spectral Data File: /home/thaddaeus/FMU/Steiner/thaddaeus/1130360264/jspipe/js_ni1130360264_0mpu7_silver_GTI0.jsgrp
#Net count rate (cts/s) for Spectrum:1  1.375e+00 +/- 5.553e-02 (48.4 % total)
# Assigned to Data Group 1 and Plot Group 1
#  Noticed Channels:  38-251
#  Telescope: NICER Instrument: XTI  Channel Type: PI
#  Exposure Time: 980 sec
# Using fit statistic: pgstat
# Using Background File                /home/thaddaeus/FMU/Steiner/thaddaeus/1130360264/jspipe/js_ni1130360264_0mpu7_silver_GTI0.bg
#  Background Exposure Time: 980 sec
# Using Response (RMF) File            /home/thaddaeus/FMU/Steiner/thaddaeus/nicer_d49_55575341.rmf for Source 1
# Using Auxiliary Response (ARF) File  /home/thaddaeus/FMU/Steiner/thaddaeus/nicer_d49_55575341.arf
#
#
!XSPEC12> show fit
#
#Fit statistic  : PG-Statistic                 225.73     using 214 bins.
#
#Test statistic : Chi-Squared                  238.58     using 214 bins.
# Null hypothesis probability of 3.98e-02 with 202 degrees of freedom
#
!XSPEC12> show param
#
#Parameters defined:
#========================================================================
#Model TBfeo<1>(simpl<2>(diskbb<3> + relxill<4>)) Source No.: 1   Active/On
#Model Model Component  Parameter  Unit     Value
# par  comp
#   1    1   TBfeo      nH         10^22    3.22211      +/-  15.7198      
#   2    1   TBfeo      O                   1.64019      +/-  23.3521      
#   3    1   TBfeo      Fe                  0.909694     +/-  20.2180      
#   4    1   TBfeo      redshift            0.0          frozen
#   5    2   simpl      Gamma               1.39904      +/-  10.3677      
#   6    2   simpl      FracSctr            0.990052     +/-  0.280555     
#   7    2   simpl      UpScOnly            1.00000      frozen
#   8    3   diskbb     Tin        keV      0.507221     +/-  69.0078      
#   9    3   diskbb     norm                1.15488      +/-  927.152      
#  10    4   relxill    Index1              3.00000      frozen
#  11    4   relxill    Index2              3.00000      frozen
#  12    4   relxill    Rbr                 15.0000      frozen
#  13    4   relxill    a                   -0.998000    +/-  22.7868      
#  14    4   relxill    Incl       deg      73.3773      +/-  366.037      
#  15    4   relxill    Rin                 -1.00000     frozen
#  16    4   relxill    Rout                400.000      frozen
#  17    4   relxill    z                   0.0          frozen
#  18    4   relxill    gamma               1.39904      = p5
#  19    4   relxill    logxi               1.41795      +/-  36.9215      
#  20    4   relxill    Afe                 10.0000      +/-  393.498      
#  21    4   relxill    Ecut       keV      300.000      frozen
#  22    4   relxill    refl_frac           -1.00000     frozen
#  23    4   relxill    norm                1.32789E-03  +/-  3.81416E-02  
#________________________________________________________________________
#
#
!XSPEC12> log none
#