#XSPEC version: 12.11.0
#Build Date/Time: Thu Jul  2 16:22:45 2020
#
!XSPEC12> chatter 10
#
!XSPEC12> show data
#
#1 file 1 spectrum 
#Spectrum 1  Spectral Data File: /home/thaddaeus/FMU/Steiner/thaddaeus/1130360207/jspipe/js_ni1130360207_0mpu7_silver_GTI0.jsgrp
#Net count rate (cts/s) for Spectrum:1  5.711e+01 +/- 5.132e-01 (99.1 % total)
# Assigned to Data Group 1 and Plot Group 1
#  Noticed Channels:  34-222
#  Telescope: NICER Instrument: XTI  Channel Type: PI
#  Exposure Time: 218.9 sec
# Using fit statistic: pgstat
# Using Background File                /home/thaddaeus/FMU/Steiner/thaddaeus/1130360207/jspipe/js_ni1130360207_0mpu7_silver_GTI0.bg
#  Background Exposure Time: 218.9 sec
# Using Response (RMF) File            /home/thaddaeus/FMU/Steiner/thaddaeus/nicer_d49_55575341.rmf for Source 1
# Using Auxiliary Response (ARF) File  /home/thaddaeus/FMU/Steiner/thaddaeus/nicer_d49_55575341.arf
#
#
!XSPEC12> show fit
#
#Fit statistic  : PG-Statistic                 190.84     using 189 bins.
#
#Test statistic : Chi-Squared                  197.01     using 189 bins.
# Null hypothesis probability of 1.44e-01 with 177 degrees of freedom
#
!XSPEC12> show param
#
#Parameters defined:
#========================================================================
#Model TBfeo<1>(simpl<2>(diskbb<3> + relxill<4>)) Source No.: 1   Active/On
#Model Model Component  Parameter  Unit     Value
# par  comp
#   1    1   TBfeo      nH         10^22    3.41202      +/-  1.79653      
#   2    1   TBfeo      O                   0.642241     +/-  3.17533      
#   3    1   TBfeo      Fe                  0.909694     +/-  8.39354      
#   4    1   TBfeo      redshift            0.0          frozen
#   5    2   simpl      Gamma               3.21772      +/-  1.06930      
#   6    2   simpl      FracSctr            0.890391     +/-  1.04236      
#   7    2   simpl      UpScOnly            1.00000      frozen
#   8    3   diskbb     Tin        keV      2.82513      +/-  5.32884      
#   9    3   diskbb     norm                8.50206E-02  +/-  0.589662     
#  10    4   relxill    Index1              3.00000      frozen
#  11    4   relxill    Index2              3.00000      frozen
#  12    4   relxill    Rbr                 15.0000      frozen
#  13    4   relxill    a                   0.846643     +/-  2.06145      
#  14    4   relxill    Incl       deg      50.6410      +/-  47.5148      
#  15    4   relxill    Rin                 -1.00000     frozen
#  16    4   relxill    Rout                400.000      frozen
#  17    4   relxill    z                   0.0          frozen
#  18    4   relxill    gamma               3.21772      = p5
#  19    4   relxill    logxi               0.224099     +/-  21.2998      
#  20    4   relxill    Afe                 4.38629      +/-  43.4725      
#  21    4   relxill    Ecut       keV      300.000      frozen
#  22    4   relxill    refl_frac           -1.00000     frozen
#  23    4   relxill    norm                2.91001E-02  +/-  9.01660E-02  
#________________________________________________________________________
#
#
!XSPEC12> log none
#