#XSPEC version: 12.11.0
#Build Date/Time: Thu Jul  2 16:22:45 2020
#
!XSPEC12> chatter 10
#
!XSPEC12> show data
#
#1 file 1 spectrum 
#Spectrum 1  Spectral Data File: /home/thaddaeus/FMU/Steiner/thaddaeus/1130360185/jspipe/js_ni1130360185_0mpu7_silver_GTI0.jsgrp
#Net count rate (cts/s) for Spectrum:1  1.665e+02 +/- 7.485e-01 (99.8 % total)
# Assigned to Data Group 1 and Plot Group 1
#  Noticed Channels:  38-214
#  Telescope: NICER Instrument: XTI  Channel Type: PI
#  Exposure Time: 297.9 sec
# Using fit statistic: pgstat
# Using Background File                /home/thaddaeus/FMU/Steiner/thaddaeus/1130360185/jspipe/js_ni1130360185_0mpu7_silver_GTI0.bg
#  Background Exposure Time: 297.9 sec
# Using Response (RMF) File            /home/thaddaeus/FMU/Steiner/thaddaeus/nicer_d49_55575341.rmf for Source 1
# Using Auxiliary Response (ARF) File  /home/thaddaeus/FMU/Steiner/thaddaeus/nicer_d49_55575341.arf
#
#
!XSPEC12> show fit
#
#Fit statistic  : PG-Statistic                 188.59     using 177 bins.
#
#Test statistic : Chi-Squared                  195.00     using 177 bins.
# Null hypothesis probability of 5.51e-02 with 165 degrees of freedom
#
!XSPEC12> show param
#
#Parameters defined:
#========================================================================
#Model TBfeo<1>(simpl<2>(diskbb<3> + relxill<4>)) Source No.: 1   Active/On
#Model Model Component  Parameter  Unit     Value
# par  comp
#   1    1   TBfeo      nH         10^22    3.84063      +/-  0.842359     
#   2    1   TBfeo      O                   0.638243     +/-  1.45780      
#   3    1   TBfeo      Fe                  0.937478     +/-  3.91336      
#   4    1   TBfeo      redshift            0.0          frozen
#   5    2   simpl      Gamma               3.49676      +/-  0.280236     
#   6    2   simpl      FracSctr            7.09752E-02  +/-  4.39817E-02  
#   7    2   simpl      UpScOnly            1.00000      frozen
#   8    3   diskbb     Tin        keV      0.420848     +/-  2.96698E-02  
#   9    3   diskbb     norm                6330.68      +/-  3571.83      
#  10    4   relxill    Index1              3.00000      frozen
#  11    4   relxill    Index2              3.00000      frozen
#  12    4   relxill    Rbr                 15.0000      frozen
#  13    4   relxill    a                   0.932562     +/-  0.442601     
#  14    4   relxill    Incl       deg      83.7424      +/-  3.84026      
#  15    4   relxill    Rin                 -1.00000     frozen
#  16    4   relxill    Rout                400.000      frozen
#  17    4   relxill    z                   0.0          frozen
#  18    4   relxill    gamma               3.49676      = p5
#  19    4   relxill    logxi               1.91620E-02  +/-  1.39420      
#  20    4   relxill    Afe                 0.500000     +/-  14.4118      
#  21    4   relxill    Ecut       keV      300.000      frozen
#  22    4   relxill    refl_frac           -1.00000     frozen
#  23    4   relxill    norm                3.39839E-02  +/-  0.156229     
#________________________________________________________________________
#
#
!XSPEC12> log none
#