#XSPEC version: 12.11.0
#Build Date/Time: Thu Jul  2 16:22:45 2020
#
!XSPEC12> chatter 10
#
!XSPEC12> show data
#
#1 file 1 spectrum 
#Spectrum 1  Spectral Data File: /home/thaddaeus/FMU/Steiner/thaddaeus/1130360272/jspipe/js_ni1130360272_0mpu7_silver_GTI0.jsgrp
#Net count rate (cts/s) for Spectrum:1  1.567e+00 +/- 1.288e-01 (71.4 % total)
# Assigned to Data Group 1 and Plot Group 1
#  Noticed Channels:  21-75
#  Telescope: NICER Instrument: XTI  Channel Type: PI
#  Exposure Time: 133 sec
# Using fit statistic: pgstat
# Using Background File                /home/thaddaeus/FMU/Steiner/thaddaeus/1130360272/jspipe/js_ni1130360272_0mpu7_silver_GTI0.bg
#  Background Exposure Time: 133 sec
# Using Response (RMF) File            /home/thaddaeus/FMU/Steiner/thaddaeus/nicer_d49_55575341.rmf for Source 1
# Using Auxiliary Response (ARF) File  /home/thaddaeus/FMU/Steiner/thaddaeus/nicer_d49_55575341.arf
#
#
!XSPEC12> show fit
#
#Fit statistic  : PG-Statistic                  48.24     using 55 bins.
#
#Test statistic : Chi-Squared                   48.07     using 55 bins.
# Null hypothesis probability of 2.75e-01 with 43 degrees of freedom
#
!XSPEC12> show param
#
#Parameters defined:
#========================================================================
#Model TBfeo<1>(simpl<2>(diskbb<3> + relxill<4>)) Source No.: 1   Active/On
#Model Model Component  Parameter  Unit     Value
# par  comp
#   1    1   TBfeo      nH         10^22    4.55566      +/-  33.6743      
#   2    1   TBfeo      O                   1.64231      +/-  27.6211      
#   3    1   TBfeo      Fe                  3.93519      +/-  43.2702      
#   4    1   TBfeo      redshift            0.0          frozen
#   5    2   simpl      Gamma               2.22335      +/-  2.66511      
#   6    2   simpl      FracSctr            4.79594E-02  +/-  0.294741     
#   7    2   simpl      UpScOnly            1.00000      frozen
#   8    3   diskbb     Tin        keV      0.621945     +/-  0.886521     
#   9    3   diskbb     norm                7.86883      +/-  55.1063      
#  10    4   relxill    Index1              3.00000      frozen
#  11    4   relxill    Index2              3.00000      frozen
#  12    4   relxill    Rbr                 15.0000      frozen
#  13    4   relxill    a                   -0.574680    +/-  6.52486      
#  14    4   relxill    Incl       deg      61.7586      +/-  27.2546      
#  15    4   relxill    Rin                 -1.00000     frozen
#  16    4   relxill    Rout                400.000      frozen
#  17    4   relxill    z                   0.0          frozen
#  18    4   relxill    gamma               2.22335      = p5
#  19    4   relxill    logxi               2.11193      +/-  1.53934      
#  20    4   relxill    Afe                 10.0000      +/-  78.6915      
#  21    4   relxill    Ecut       keV      300.000      frozen
#  22    4   relxill    refl_frac           -1.00000     frozen
#  23    4   relxill    norm                2.93419E-04  +/-  1.41863E-03  
#________________________________________________________________________
#
#
!XSPEC12> log none
#