#XSPEC version: 12.11.0
#Build Date/Time: Thu Jul  2 16:22:45 2020
#
!XSPEC12> chatter 10
#
!XSPEC12> show data
#
#1 file 1 spectrum 
#Spectrum 1  Spectral Data File: /home/thaddaeus/FMU/Steiner/thaddaeus/1130360202/jspipe/js_ni1130360202_0mpu7_silver_GTI0.jsgrp
#Net count rate (cts/s) for Spectrum:1  5.392e+01 +/- 4.396e-01 (99.0 % total)
# Assigned to Data Group 1 and Plot Group 1
#  Noticed Channels:  37-237
#  Telescope: NICER Instrument: XTI  Channel Type: PI
#  Exposure Time: 281.9 sec
# Using fit statistic: pgstat
# Using Background File                /home/thaddaeus/FMU/Steiner/thaddaeus/1130360202/jspipe/js_ni1130360202_0mpu7_silver_GTI0.bg
#  Background Exposure Time: 281.9 sec
# Using Response (RMF) File            /home/thaddaeus/FMU/Steiner/thaddaeus/nicer_d49_55575341.rmf for Source 1
# Using Auxiliary Response (ARF) File  /home/thaddaeus/FMU/Steiner/thaddaeus/nicer_d49_55575341.arf
#
#
!XSPEC12> show fit
#
#Fit statistic  : PG-Statistic                 207.83     using 201 bins.
#
#Test statistic : Chi-Squared                  212.84     using 201 bins.
# Null hypothesis probability of 1.13e-01 with 189 degrees of freedom
#
!XSPEC12> show param
#
#Parameters defined:
#========================================================================
#Model TBfeo<1>(simpl<2>(diskbb<3> + relxill<4>)) Source No.: 1   Active/On
#Model Model Component  Parameter  Unit     Value
# par  comp
#   1    1   TBfeo      nH         10^22    4.02819      +/-  2.73441      
#   2    1   TBfeo      O                   0.927516     +/-  2.86908      
#   3    1   TBfeo      Fe                  1.94688      +/-  4.08734      
#   4    1   TBfeo      redshift            0.0          frozen
#   5    2   simpl      Gamma               2.95805      +/-  0.343425     
#   6    2   simpl      FracSctr            2.40572E-02  +/-  1.90592E-02  
#   7    2   simpl      UpScOnly            1.00000      frozen
#   8    3   diskbb     Tin        keV      0.149163     +/-  1.88955E-02  
#   9    3   diskbb     norm                2.58641E+06  +/-  3.68900E+06  
#  10    4   relxill    Index1              3.00000      frozen
#  11    4   relxill    Index2              3.00000      frozen
#  12    4   relxill    Rbr                 15.0000      frozen
#  13    4   relxill    a                   0.993683     +/-  0.132412     
#  14    4   relxill    Incl       deg      75.9565      +/-  1.96484      
#  15    4   relxill    Rin                 -1.00000     frozen
#  16    4   relxill    Rout                400.000      frozen
#  17    4   relxill    z                   0.0          frozen
#  18    4   relxill    gamma               2.95805      = p5
#  19    4   relxill    logxi               1.34341      +/-  7.48133E-02  
#  20    4   relxill    Afe                 0.678792     +/-  0.734547     
#  21    4   relxill    Ecut       keV      300.000      frozen
#  22    4   relxill    refl_frac           -1.00000     frozen
#  23    4   relxill    norm                1.89473E-02  +/-  2.79017E-02  
#________________________________________________________________________
#
#
!XSPEC12> log none
#