
!XSPEC12> chatter 10 10
#
!XSPEC12> show data
#
#1 file 1 spectrum 
#Spectrum 1  Spectral Data File: /home/thaddaeus/FMU/Steiner/thaddaeus/1130360272/jspipe/js_ni1130360272_0mpu7_silver_GTI0.jsgrp
#Net count rate (cts/s) for Spectrum:1  1.567e+00 +/- 1.288e-01 (71.4 % total)
# Assigned to Data Group 1 and Plot Group 1
#  Noticed Channels:  21-75
#  Telescope: NICER Instrument: XTI  Channel Type: PI
#  Exposure Time: 133 sec
# Using fit statistic: pgstat
# Using Background File                /home/thaddaeus/FMU/Steiner/thaddaeus/1130360272/jspipe/js_ni1130360272_0mpu7_silver_GTI0.bg
#  Background Exposure Time: 133 sec
# Using Response (RMF) File            /home/thaddaeus/FMU/Steiner/thaddaeus/nicer_d49_55575341.rmf for Source 1
# Using Auxiliary Response (ARF) File  /home/thaddaeus/FMU/Steiner/thaddaeus/nicer_d49_55575341.arf
#
#
!XSPEC12> show fit
#
#Fit statistic  : PG-Statistic                  48.20     using 55 bins.
#
#Test statistic : Chi-Squared                   47.52     using 55 bins.
# Null hypothesis probability of 6.13e-01 with 51 degrees of freedom
#
!XSPEC12> show param
#
#Parameters defined:
#========================================================================
#Model TBfeo<1>(simpl<2>(diskbb<3> + relxill<4>)) Source No.: 1   Active/On
#Model Model Component  Parameter  Unit     Value
# par  comp
#   1    1   TBfeo      nH         10^22    4.55566      frozen
#   2    1   TBfeo      O                   1.64231      frozen
#   3    1   TBfeo      Fe                  3.93519      frozen
#   4    1   TBfeo      redshift            0.0          frozen
#   5    2   simpl      Gamma               2.20388      +/-  0.368867     
#   6    2   simpl      FracSctr            3.78041E-02  +/-  0.125605     
#   7    2   simpl      UpScOnly            1.00000      frozen
#   8    3   diskbb     Tin        keV      0.662940     +/-  0.508721     
#   9    3   diskbb     norm                6.13674      +/-  20.5690      
#  10    4   relxill    Index1              3.00000      frozen
#  11    4   relxill    Index2              3.00000      frozen
#  12    4   relxill    Rbr                 15.0000      frozen
#  13    4   relxill    a                   -0.574680    frozen
#  14    4   relxill    Incl       deg      61.7586      frozen
#  15    4   relxill    Rin                 -1.00000     frozen
#  16    4   relxill    Rout                400.000      frozen
#  17    4   relxill    z                   0.0          frozen
#  18    4   relxill    gamma               2.20388      = p5
#  19    4   relxill    logxi               2.11193      frozen
#  20    4   relxill    Afe                 10.0000      frozen
#  21    4   relxill    Ecut       keV      300.000      frozen
#  22    4   relxill    refl_frac           -1.00000     frozen
#  23    4   relxill    norm                2.93419E-04  frozen
#________________________________________________________________________
#
#
!XSPEC12> chatter 5 5
#
!XSPEC12> editmod cflux*tbfeo(simpl(diskbb+relxill))
#
!XSPEC12> freeze 4-26
#
!XSPEC12> thaw 8
#
!XSPEC12> fit
#
!XSPEC12> err 3
#     3     -10.8576     -10.6699    (-0.0988103,0.0889587)
#
!XSPEC12> log none
#