
!XSPEC12> chatter 10 10
#
!XSPEC12> show data
#
#1 file 1 spectrum 
#Spectrum 1  Spectral Data File: /home/thaddaeus/FMU/Steiner/thaddaeus/1130360264/jspipe/js_ni1130360264_0mpu7_silver_GTI0.jsgrp
#Net count rate (cts/s) for Spectrum:1  1.375e+00 +/- 5.553e-02 (48.4 % total)
# Assigned to Data Group 1 and Plot Group 1
#  Noticed Channels:  38-251
#  Telescope: NICER Instrument: XTI  Channel Type: PI
#  Exposure Time: 980 sec
# Using fit statistic: pgstat
# Using Background File                /home/thaddaeus/FMU/Steiner/thaddaeus/1130360264/jspipe/js_ni1130360264_0mpu7_silver_GTI0.bg
#  Background Exposure Time: 980 sec
# Using Response (RMF) File            /home/thaddaeus/FMU/Steiner/thaddaeus/nicer_d49_55575341.rmf for Source 1
# Using Auxiliary Response (ARF) File  /home/thaddaeus/FMU/Steiner/thaddaeus/nicer_d49_55575341.arf
#
#
!XSPEC12> show fit
#
#Fit statistic  : PG-Statistic                 224.78     using 214 bins.
#
#Test statistic : Chi-Squared                  236.39     using 214 bins.
# Null hypothesis probability of 1.02e-01 with 210 degrees of freedom
#
!XSPEC12> show param
#
#Parameters defined:
#========================================================================
#Model TBfeo<1>(simpl<2>(diskbb<3> + relxill<4>)) Source No.: 1   Active/On
#Model Model Component  Parameter  Unit     Value
# par  comp
#   1    1   TBfeo      nH         10^22    3.22211      frozen
#   2    1   TBfeo      O                   1.64019      frozen
#   3    1   TBfeo      Fe                  0.909694     frozen
#   4    1   TBfeo      redshift            0.0          frozen
#   5    2   simpl      Gamma               1.39923      +/-  0.113789     
#   6    2   simpl      FracSctr            0.999000     +/-  0.119727     
#   7    2   simpl      UpScOnly            1.00000      frozen
#   8    3   diskbb     Tin        keV      0.393487     +/-  1.91054      
#   9    3   diskbb     norm                2.83313      +/-  58.4596      
#  10    4   relxill    Index1              3.00000      frozen
#  11    4   relxill    Index2              3.00000      frozen
#  12    4   relxill    Rbr                 15.0000      frozen
#  13    4   relxill    a                   -0.998000    frozen
#  14    4   relxill    Incl       deg      73.3773      frozen
#  15    4   relxill    Rin                 -1.00000     frozen
#  16    4   relxill    Rout                400.000      frozen
#  17    4   relxill    z                   0.0          frozen
#  18    4   relxill    gamma               1.39923      = p5
#  19    4   relxill    logxi               1.41795      frozen
#  20    4   relxill    Afe                 10.0000      frozen
#  21    4   relxill    Ecut       keV      300.000      frozen
#  22    4   relxill    refl_frac           -1.00000     frozen
#  23    4   relxill    norm                1.32789E-03  frozen
#________________________________________________________________________
#
#
!XSPEC12> chatter 5 5
#
!XSPEC12> editmod cflux*tbfeo(simpl(diskbb+relxill))
#
!XSPEC12> freeze 4-26
#
!XSPEC12> thaw 8
#
!XSPEC12> fit
#
!XSPEC12> err 3
#     3     -10.6588     -10.5699    (-0.0532172,0.0357429)
#
!XSPEC12> log none
#