
!XSPEC12> chatter 10 10
#
!XSPEC12> show data
#
#1 file 1 spectrum 
#Spectrum 1  Spectral Data File: /home/thaddaeus/FMU/Steiner/thaddaeus/1130360184/jspipe/js_ni1130360184_0mpu7_silver_GTI0.jsgrp
#Net count rate (cts/s) for Spectrum:1  1.815e+02 +/- 9.200e-01 (99.8 % total)
# Assigned to Data Group 1 and Plot Group 1
#  Noticed Channels:  38-197
#  Telescope: NICER Instrument: XTI  Channel Type: PI
#  Exposure Time: 214.9 sec
# Using fit statistic: pgstat
# Using Background File                /home/thaddaeus/FMU/Steiner/thaddaeus/1130360184/jspipe/js_ni1130360184_0mpu7_silver_GTI0.bg
#  Background Exposure Time: 214.9 sec
# Using Response (RMF) File            /home/thaddaeus/FMU/Steiner/thaddaeus/nicer_d49_55575341.rmf for Source 1
# Using Auxiliary Response (ARF) File  /home/thaddaeus/FMU/Steiner/thaddaeus/nicer_d49_55575341.arf
#
#
!XSPEC12> show fit
#
#Fit statistic  : PG-Statistic                 146.96     using 160 bins.
#
#Test statistic : Chi-Squared                  149.93     using 160 bins.
# Null hypothesis probability of 6.22e-01 with 156 degrees of freedom
#
!XSPEC12> show param
#
#Parameters defined:
#========================================================================
#Model TBfeo<1>(simpl<2>(diskbb<3> + relxill<4>)) Source No.: 1   Active/On
#Model Model Component  Parameter  Unit     Value
# par  comp
#   1    1   TBfeo      nH         10^22    3.68341      frozen
#   2    1   TBfeo      O                   0.675630     frozen
#   3    1   TBfeo      Fe                  0.977861     frozen
#   4    1   TBfeo      redshift            0.0          frozen
#   5    2   simpl      Gamma               3.38708      +/-  6.17101E-02  
#   6    2   simpl      FracSctr            7.88961E-03  +/-  1.04157E-02  
#   7    2   simpl      UpScOnly            1.00000      frozen
#   8    3   diskbb     Tin        keV      0.464542     +/-  8.65387E-03  
#   9    3   diskbb     norm                3845.15      +/-  368.987      
#  10    4   relxill    Index1              3.00000      frozen
#  11    4   relxill    Index2              3.00000      frozen
#  12    4   relxill    Rbr                 15.0000      frozen
#  13    4   relxill    a                   0.998000     frozen
#  14    4   relxill    Incl       deg      5.00000      frozen
#  15    4   relxill    Rin                 -1.00000     frozen
#  16    4   relxill    Rout                400.000      frozen
#  17    4   relxill    z                   0.0          frozen
#  18    4   relxill    gamma               3.38708      = p5
#  19    4   relxill    logxi               3.10936      frozen
#  20    4   relxill    Afe                 0.500000     frozen
#  21    4   relxill    Ecut       keV      300.000      frozen
#  22    4   relxill    refl_frac           -1.00000     frozen
#  23    4   relxill    norm                3.59703E-02  frozen
#________________________________________________________________________
#
#
!XSPEC12> chatter 5 5
#
!XSPEC12> editmod cflux*tbfeo(simpl(diskbb+relxill))
#
!XSPEC12> freeze 4-26
#
!XSPEC12> thaw 8
#
!XSPEC12> fit
#
!XSPEC12> err 3
#     3      -9.2838     -9.27315    (-0.00530062,0.00535372)
#
!XSPEC12> log none
#