
!XSPEC12> chatter 10 10
#
!XSPEC12> show data
#
#1 file 1 spectrum 
#Spectrum 1  Spectral Data File: /home/thaddaeus/FMU/Steiner/thaddaeus/1130360214/jspipe/js_ni1130360214_0mpu7_silver_GTI0.jsgrp
#Net count rate (cts/s) for Spectrum:1  3.918e+00 +/- 1.807e-01 (79.8 % total)
# Assigned to Data Group 1 and Plot Group 1
#  Noticed Channels:  30-139
#  Telescope: NICER Instrument: XTI  Channel Type: PI
#  Exposure Time: 150.9 sec
# Using fit statistic: pgstat
# Using Background File                /home/thaddaeus/FMU/Steiner/thaddaeus/1130360214/jspipe/js_ni1130360214_0mpu7_silver_GTI0.bg
#  Background Exposure Time: 150.9 sec
# Using Response (RMF) File            /home/thaddaeus/FMU/Steiner/thaddaeus/nicer_d49_55575341.rmf for Source 1
# Using Auxiliary Response (ARF) File  /home/thaddaeus/FMU/Steiner/thaddaeus/nicer_d49_55575341.arf
#
#
!XSPEC12> show fit
#
#Fit statistic  : PG-Statistic                 103.77     using 110 bins.
#
#Test statistic : Chi-Squared                  107.26     using 110 bins.
# Null hypothesis probability of 4.48e-01 with 106 degrees of freedom
#
!XSPEC12> show param
#
#Parameters defined:
#========================================================================
#Model TBfeo<1>(simpl<2>(diskbb<3> + relxill<4>)) Source No.: 1   Active/On
#Model Model Component  Parameter  Unit     Value
# par  comp
#   1    1   TBfeo      nH         10^22    2.51934      frozen
#   2    1   TBfeo      O                   2.99794      frozen
#   3    1   TBfeo      Fe                  1.03970      frozen
#   4    1   TBfeo      redshift            0.0          frozen
#   5    2   simpl      Gamma               2.95506      +/-  4.56437E-02  
#   6    2   simpl      FracSctr            4.00170E-02  +/-  2.11980E-02  
#   7    2   simpl      UpScOnly            1.00000      frozen
#   8    3   diskbb     Tin        keV      0.179122     +/-  6.73599E-02  
#   9    3   diskbb     norm                1.87408E+04  +/-  5.52297E+04  
#  10    4   relxill    Index1              3.00000      frozen
#  11    4   relxill    Index2              3.00000      frozen
#  12    4   relxill    Rbr                 15.0000      frozen
#  13    4   relxill    a                   0.808998     frozen
#  14    4   relxill    Incl       deg      68.8757      frozen
#  15    4   relxill    Rin                 -1.00000     frozen
#  16    4   relxill    Rout                400.000      frozen
#  17    4   relxill    z                   0.0          frozen
#  18    4   relxill    gamma               2.95506      = p5
#  19    4   relxill    logxi               1.34413      frozen
#  20    4   relxill    Afe                 4.49946      frozen
#  21    4   relxill    Ecut       keV      300.000      frozen
#  22    4   relxill    refl_frac           -1.00000     frozen
#  23    4   relxill    norm                3.44269E-03  frozen
#________________________________________________________________________
#
#
!XSPEC12> chatter 5 5
#
!XSPEC12> editmod cflux*tbfeo(simpl(diskbb+relxill))
#
!XSPEC12> freeze 4-26
#
!XSPEC12> thaw 8
#
!XSPEC12> fit
#
!XSPEC12> err 3
#     3     -10.5103     -10.4033    (-0.0541606,0.0527957)
#
!XSPEC12> log none
#