
!XSPEC12> chatter 10 10
#
!XSPEC12> show data
#
#1 file 1 spectrum 
#Spectrum 1  Spectral Data File: /home/thaddaeus/FMU/Steiner/thaddaeus/1130360212/jspipe/js_ni1130360212_0mpu7_silver_GTI0.jsgrp
#Net count rate (cts/s) for Spectrum:1  1.104e+01 +/- 3.000e-01 (74.9 % total)
# Assigned to Data Group 1 and Plot Group 1
#  Noticed Channels:  24-194
#  Telescope: NICER Instrument: XTI  Channel Type: PI
#  Exposure Time: 164.9 sec
# Using fit statistic: pgstat
# Using Background File                /home/thaddaeus/FMU/Steiner/thaddaeus/1130360212/jspipe/js_ni1130360212_0mpu7_silver_GTI0.bg
#  Background Exposure Time: 164.9 sec
# Using Response (RMF) File            /home/thaddaeus/FMU/Steiner/thaddaeus/nicer_d49_55575341.rmf for Source 1
# Using Auxiliary Response (ARF) File  /home/thaddaeus/FMU/Steiner/thaddaeus/nicer_d49_55575341.arf
#
#
!XSPEC12> show fit
#
#Fit statistic  : PG-Statistic                 171.71     using 171 bins.
#
#Test statistic : Chi-Squared                  208.22     using 171 bins.
# Null hypothesis probability of 1.67e-02 with 167 degrees of freedom
#
!XSPEC12> show param
#
#Parameters defined:
#========================================================================
#Model TBfeo<1>(simpl<2>(diskbb<3> + relxill<4>)) Source No.: 1   Active/On
#Model Model Component  Parameter  Unit     Value
# par  comp
#   1    1   TBfeo      nH         10^22    3.75100      frozen
#   2    1   TBfeo      O                   0.932136     frozen
#   3    1   TBfeo      Fe                  1.00396      frozen
#   4    1   TBfeo      redshift            0.0          frozen
#   5    2   simpl      Gamma               2.37076      +/-  1.08910      
#   6    2   simpl      FracSctr            1.00000E-03  +/-  0.651616     
#   7    2   simpl      UpScOnly            1.00000      frozen
#   8    3   diskbb     Tin        keV      1.95523      +/-  0.684942     
#   9    3   diskbb     norm                0.244568     +/-  0.541520     
#  10    4   relxill    Index1              3.00000      frozen
#  11    4   relxill    Index2              3.00000      frozen
#  12    4   relxill    Rbr                 15.0000      frozen
#  13    4   relxill    a                   0.185528     frozen
#  14    4   relxill    Incl       deg      5.00000      frozen
#  15    4   relxill    Rin                 -1.00000     frozen
#  16    4   relxill    Rout                400.000      frozen
#  17    4   relxill    z                   0.0          frozen
#  18    4   relxill    gamma               2.37076      = p5
#  19    4   relxill    logxi               4.46853      frozen
#  20    4   relxill    Afe                 10.0000      frozen
#  21    4   relxill    Ecut       keV      300.000      frozen
#  22    4   relxill    refl_frac           -1.00000     frozen
#  23    4   relxill    norm                1.32519E-04  frozen
#________________________________________________________________________
#
#
!XSPEC12> chatter 5 5
#
!XSPEC12> editmod cflux*tbfeo(simpl(diskbb+relxill))
#
!XSPEC12> freeze 4-26
#
!XSPEC12> thaw 8
#
!XSPEC12> fit
#
!XSPEC12> err 3
#     3     -10.0968     -10.0548    (-0.0182512,0.0236955)
#
!XSPEC12> log none
#