
!XSPEC12> chatter 10 10
#
!XSPEC12> show data
#
#1 file 1 spectrum 
#Spectrum 1  Spectral Data File: /home/thaddaeus/FMU/Steiner/thaddaeus/1130360198/jspipe/js_ni1130360198_0mpu7_silver_GTI0.jsgrp
#Net count rate (cts/s) for Spectrum:1  1.741e+00 +/- 5.895e-02 (59.8 % total)
# Assigned to Data Group 1 and Plot Group 1
#  Noticed Channels:  36-219
#  Telescope: NICER Instrument: XTI  Channel Type: PI
#  Exposure Time: 872.7 sec
# Using fit statistic: pgstat
# Using Background File                /home/thaddaeus/FMU/Steiner/thaddaeus/1130360198/jspipe/js_ni1130360198_0mpu7_silver_GTI0.bg
#  Background Exposure Time: 872.7 sec
# Using Response (RMF) File            /home/thaddaeus/FMU/Steiner/thaddaeus/nicer_d49_55575341.rmf for Source 1
# Using Auxiliary Response (ARF) File  /home/thaddaeus/FMU/Steiner/thaddaeus/nicer_d49_55575341.arf
#
#
!XSPEC12> show fit
#
#Fit statistic  : PG-Statistic                 204.04     using 184 bins.
#
#Test statistic : Chi-Squared                  239.17     using 184 bins.
# Null hypothesis probability of 2.09e-03 with 180 degrees of freedom
#
!XSPEC12> show param
#
#Parameters defined:
#========================================================================
#Model TBfeo<1>(simpl<2>(diskbb<3> + relxill<4>)) Source No.: 1   Active/On
#Model Model Component  Parameter  Unit     Value
# par  comp
#   1    1   TBfeo      nH         10^22    4.36561      frozen
#   2    1   TBfeo      O                   0.873670     frozen
#   3    1   TBfeo      Fe                  1.61159      frozen
#   4    1   TBfeo      redshift            0.0          frozen
#   5    2   simpl      Gamma               3.44413      +/-  1.26028E-02  
#   6    2   simpl      FracSctr            0.102694     +/-  2.84129E-02  
#   7    2   simpl      UpScOnly            1.00000      frozen
#   8    3   diskbb     Tin        keV      0.235672     +/-  0.137485     
#   9    3   diskbb     norm                566.146      +/-  2577.06      
#  10    4   relxill    Index1              3.00000      frozen
#  11    4   relxill    Index2              3.00000      frozen
#  12    4   relxill    Rbr                 15.0000      frozen
#  13    4   relxill    a                   1.08173E-02  frozen
#  14    4   relxill    Incl       deg      23.3290      frozen
#  15    4   relxill    Rin                 -1.00000     frozen
#  16    4   relxill    Rout                400.000      frozen
#  17    4   relxill    z                   0.0          frozen
#  18    4   relxill    gamma               3.44413      = p5
#  19    4   relxill    logxi               4.15572E-07  frozen
#  20    4   relxill    Afe                 4.99486      frozen
#  21    4   relxill    Ecut       keV      300.000      frozen
#  22    4   relxill    refl_frac           -1.00000     frozen
#  23    4   relxill    norm                1.73589E-02  frozen
#________________________________________________________________________
#
#
!XSPEC12> chatter 5 5
#
!XSPEC12> editmod cflux*tbfeo(simpl(diskbb+relxill))
#
!XSPEC12> freeze 4-26
#
!XSPEC12> thaw 8
#
!XSPEC12> fit
#
!XSPEC12> err 3
#     3     -10.9269      -10.855    (-0.0366498,0.0352075)
#
!XSPEC12> log none
#