
!XSPEC12> chatter 10 10
#
!XSPEC12> show data
#
#1 file 1 spectrum 
#Spectrum 1  Spectral Data File: /home/thaddaeus/FMU/Steiner/thaddaeus/1130360227/jspipe/js_ni1130360227_0mpu7_silver_GTI0.jsgrp
#Net count rate (cts/s) for Spectrum:1  1.862e+01 +/- 1.869e-01 (98.2 % total)
# Assigned to Data Group 1 and Plot Group 1
#  Noticed Channels:  34-239
#  Telescope: NICER Instrument: XTI  Channel Type: PI
#  Exposure Time: 543.7 sec
# Using fit statistic: pgstat
# Using Background File                /home/thaddaeus/FMU/Steiner/thaddaeus/1130360227/jspipe/js_ni1130360227_0mpu7_silver_GTI0.bg
#  Background Exposure Time: 543.7 sec
# Using Response (RMF) File            /home/thaddaeus/FMU/Steiner/thaddaeus/nicer_d49_55575341.rmf for Source 1
# Using Auxiliary Response (ARF) File  /home/thaddaeus/FMU/Steiner/thaddaeus/nicer_d49_55575341.arf
#
#
!XSPEC12> show fit
#
#Fit statistic  : PG-Statistic                 211.50     using 206 bins.
#
#Test statistic : Chi-Squared                  225.59     using 206 bins.
# Null hypothesis probability of 1.22e-01 with 202 degrees of freedom
#
!XSPEC12> show param
#
#Parameters defined:
#========================================================================
#Model TBfeo<1>(simpl<2>(diskbb<3> + relxill<4>)) Source No.: 1   Active/On
#Model Model Component  Parameter  Unit     Value
# par  comp
#   1    1   TBfeo      nH         10^22    4.28643      frozen
#   2    1   TBfeo      O                   1.02918      frozen
#   3    1   TBfeo      Fe                  1.10403      frozen
#   4    1   TBfeo      redshift            0.0          frozen
#   5    2   simpl      Gamma               2.34041      +/-  1.99569E-02  
#   6    2   simpl      FracSctr            4.13567E-02  +/-  1.47536E-02  
#   7    2   simpl      UpScOnly            1.00000      frozen
#   8    3   diskbb     Tin        keV      0.154076     +/-  1.30052E-02  
#   9    3   diskbb     norm                2.90927E+05  +/-  2.42258E+05  
#  10    4   relxill    Index1              3.00000      frozen
#  11    4   relxill    Index2              3.00000      frozen
#  12    4   relxill    Rbr                 15.0000      frozen
#  13    4   relxill    a                   0.998000     frozen
#  14    4   relxill    Incl       deg      60.8014      frozen
#  15    4   relxill    Rin                 -1.00000     frozen
#  16    4   relxill    Rout                400.000      frozen
#  17    4   relxill    z                   0.0          frozen
#  18    4   relxill    gamma               2.34041      = p5
#  19    4   relxill    logxi               0.986300     frozen
#  20    4   relxill    Afe                 0.500000     frozen
#  21    4   relxill    Ecut       keV      300.000      frozen
#  22    4   relxill    refl_frac           -1.00000     frozen
#  23    4   relxill    norm                2.36199E-03  frozen
#________________________________________________________________________
#
#
!XSPEC12> chatter 5 5
#
!XSPEC12> editmod cflux*tbfeo(simpl(diskbb+relxill))
#
!XSPEC12> freeze 4-26
#
!XSPEC12> thaw 8
#
!XSPEC12> fit
#
!XSPEC12> err 3
#     3     -9.75713     -9.73422    (-0.0115335,0.0113802)
#
!XSPEC12> log none
#