
!XSPEC12> chatter 10 10
#
!XSPEC12> show data
#
#1 file 1 spectrum 
#Spectrum 1  Spectral Data File: /home/thaddaeus/FMU/Steiner/thaddaeus/1130360192/jspipe/js_ni1130360192_0mpu7_silver_GTI0.jsgrp
#Net count rate (cts/s) for Spectrum:1  4.026e+00 +/- 6.120e-02 (81.9 % total)
# Assigned to Data Group 1 and Plot Group 1
#  Noticed Channels:  38-246
#  Telescope: NICER Instrument: XTI  Channel Type: PI
#  Exposure Time: 1350 sec
# Using fit statistic: pgstat
# Using Background File                /home/thaddaeus/FMU/Steiner/thaddaeus/1130360192/jspipe/js_ni1130360192_0mpu7_silver_GTI0.bg
#  Background Exposure Time: 1350 sec
# Using Response (RMF) File            /home/thaddaeus/FMU/Steiner/thaddaeus/nicer_d49_55575341.rmf for Source 1
# Using Auxiliary Response (ARF) File  /home/thaddaeus/FMU/Steiner/thaddaeus/nicer_d49_55575341.arf
#
#
!XSPEC12> show fit
#
#Fit statistic  : PG-Statistic                 195.74     using 209 bins.
#
#Test statistic : Chi-Squared                  196.82     using 209 bins.
# Null hypothesis probability of 6.47e-01 with 205 degrees of freedom
#
!XSPEC12> show param
#
#Parameters defined:
#========================================================================
#Model TBfeo<1>(simpl<2>(diskbb<3> + relxill<4>)) Source No.: 1   Active/On
#Model Model Component  Parameter  Unit     Value
# par  comp
#   1    1   TBfeo      nH         10^22    2.56034      frozen
#   2    1   TBfeo      O                   5.00000E-02  frozen
#   3    1   TBfeo      Fe                  1.03748      frozen
#   4    1   TBfeo      redshift            0.0          frozen
#   5    2   simpl      Gamma               1.38457      +/-  1.33545      
#   6    2   simpl      FracSctr            0.402527     +/-  0.326601     
#   7    2   simpl      UpScOnly            1.00000      frozen
#   8    3   diskbb     Tin        keV      1.63239      +/-  0.352646     
#   9    3   diskbb     norm                0.268002     +/-  0.374457     
#  10    4   relxill    Index1              3.00000      frozen
#  11    4   relxill    Index2              3.00000      frozen
#  12    4   relxill    Rbr                 15.0000      frozen
#  13    4   relxill    a                   0.997950     frozen
#  14    4   relxill    Incl       deg      86.3677      frozen
#  15    4   relxill    Rin                 -1.00000     frozen
#  16    4   relxill    Rout                400.000      frozen
#  17    4   relxill    z                   0.0          frozen
#  18    4   relxill    gamma               1.38457      = p5
#  19    4   relxill    logxi               2.20136      frozen
#  20    4   relxill    Afe                 10.0000      frozen
#  21    4   relxill    Ecut       keV      300.000      frozen
#  22    4   relxill    refl_frac           -1.00000     frozen
#  23    4   relxill    norm                1.18856E-05  frozen
#________________________________________________________________________
#
#
!XSPEC12> chatter 5 5
#
!XSPEC12> editmod cflux*tbfeo(simpl(diskbb+relxill))
#
!XSPEC12> freeze 4-26
#
!XSPEC12> thaw 8
#
!XSPEC12> fit
#
!XSPEC12> err 3
#     3     -10.5234     -10.5024    (-0.0105866,0.0104519)
#
!XSPEC12> log none
#