#XSPEC version: 12.11.0
#Build Date/Time: Thu Jul  2 16:22:45 2020
#
!XSPEC12> freeze 1-3 13 14 19 20 23
#
#Fit statistic  : PG-Statistic                 205.58     using 184 bins.
#
#Test statistic : Chi-Squared                  240.22     using 184 bins.
# Null hypothesis probability of 1.81e-03 with 180 degrees of freedom
# Current data and model not fit yet.
#
!XSPEC12> chatter 5 5
#
!XSPEC12> fit
#
!XSPEC12> err 5 6 8
#***Warning: New best fit found, fit parameters will be set to new values.
#     5      3.42402      3.46308    (-0.020119,0.0189409)
#     6    0.0622018     0.162315    (-0.0404923,0.059621)
#
#***Warning: Number of trials exceeded before bracketing of delta fit-stat.
#Last attempt: 0.1, with delta statistic: 1.72967
#
#
#***Warning: Number of trials exceeded before bracketing of delta fit-stat.
#Last attempt: 0.1, with delta statistic: 1.72967
#
#
#***Warning: Number of trials exceeded before bracketing of delta fit-stat.
#Last attempt: 0.1, with delta statistic: 1.72967
#
#***Warning: Error search cannot find bracket around delta fit-stat,
#   will automatically exit from trials loop.
#   parameter lower  bound is INVALID.
#
#Apparent non-monotonicity in statistic space detected.
#Current bracket values 0.461163, 0.466118
#and delta stat 2.17815, 2.80082
#but latest trial 0.465434 gives 2.17195
#Suggest that you check this result using the steppar command.
#     8            0      0.46364    (-0.235672,0.227969)
#
!XSPEC12> log none
#