#XSPEC version: 12.11.0
#Build Date/Time: Thu Jul  2 16:22:45 2020
#
!XSPEC12> freeze 1-3 13 14 19 20 23
#
#Fit statistic  : PG-Statistic                  48.24     using 55 bins.
#
#Test statistic : Chi-Squared                   48.07     using 55 bins.
# Null hypothesis probability of 5.91e-01 with 51 degrees of freedom
# Current data and model not fit yet.
#
!XSPEC12> chatter 5 5
#
!XSPEC12> fit
#
!XSPEC12> err 5 6 8
#
#***Warning: Number of trials exceeded before bracketing of delta fit-stat.
#Last attempt: 1.3, with delta statistic: 2.31933
#
#
#***Warning: Number of trials exceeded before bracketing of delta fit-stat.
#Last attempt: 1.3, with delta statistic: 2.31933
#
#
#***Warning: Number of trials exceeded before bracketing of delta fit-stat.
#Last attempt: 1.3, with delta statistic: 2.31933
#
#
#***Warning: Number of trials exceeded before bracketing of delta fit-stat.
#Last attempt: 1.3, with delta statistic: 2.31933
#
#***Warning: Error search cannot find bracket around delta fit-stat,
#   will automatically exit from trials loop.
#   parameter lower  bound is INVALID.
#
#     5            0      2.57827    (-2.20388,0.374389)
#
#***Warning: Number of trials exceeded before bracketing of delta fit-stat.
#Last attempt: 0.00100002, with delta statistic: 0.0959953
#
#
#***Warning: Number of trials exceeded before bracketing of delta fit-stat.
#Last attempt: 0.001, with delta statistic: 0.0959954
#
#
#***Warning: Number of trials exceeded before bracketing of delta fit-stat.
#Last attempt: 0.001, with delta statistic: 0.0959954
#
#
#***Warning: Number of trials exceeded before bracketing of delta fit-stat.
#Last attempt: 0.001, with delta statistic: 0.0959954
#
#***Warning: Error search cannot find bracket around delta fit-stat,
#   will automatically exit from trials loop.
#   parameter lower  bound is INVALID.
#
#     6            0     0.180842    (-0.0378041,0.143038)
#
#***Warning: Number of trials exceeded before bracketing of delta fit-stat.
#Last attempt: 0.1, with delta statistic: 2.57477
#
#
#***Warning: Number of trials exceeded before bracketing of delta fit-stat.
#Last attempt: 0.1, with delta statistic: 2.57477
#
#
#***Warning: Number of trials exceeded before bracketing of delta fit-stat.
#Last attempt: 0.1, with delta statistic: 2.57477
#
#***Warning: Error search cannot find bracket around delta fit-stat,
#   will automatically exit from trials loop.
#   parameter lower  bound is INVALID.
#
#     8            0      1.08865    (-0.66294,0.425714)
#
!XSPEC12> log none
#