#XSPEC version: 12.11.0
#Build Date/Time: Thu Jul  2 16:22:45 2020
#
!XSPEC12> freeze 1-3 13 14 19 20 23
#
#Fit statistic  : PG-Statistic                 163.87     using 173 bins.
#
#Test statistic : Chi-Squared                  159.21     using 173 bins.
# Null hypothesis probability of 6.94e-01 with 169 degrees of freedom
# Current data and model not fit yet.
#
!XSPEC12> chatter 5 5
#
!XSPEC12> fit
#
!XSPEC12> err 5 6 8
#     5      3.34789      3.58111    (-0.0476386,0.185572)
#***Warning: New best fit found, fit parameters will be set to new values.
#     5      3.28089      3.42768    (-0.118011,0.0287788)
#***Warning: New best fit found, fit parameters will be set to new values.
#     5      3.28102      3.42559    (-0.115995,0.0285741)
#***Warning: New best fit found, fit parameters will be set to new values.
#     5      3.28126      3.42149    (-0.111632,0.0286056)
#***Warning: New best fit found, fit parameters will be set to new values.
#     5      3.28146      3.41762    (-0.107409,0.028752)
#***Warning: New best fit found, fit parameters will be set to new values.
#     5      3.28162      3.41406    (-0.103534,0.0288981)
#***Warning: New best fit found, fit parameters will be set to new values.
#     5      3.28176      3.41085    (-0.100054,0.0290346)
#***Warning: New best fit found, fit parameters will be set to new values.
#     5      3.28191      3.40545    (-0.0944055,0.0291309)
#***Warning: New best fit found, fit parameters will be set to new values.
#     5      3.28207        3.398    (-0.0866172,0.0293133)
#
#***Warning: Number of trials exceeded before bracketing of delta fit-stat.
#Last attempt: 0.00100031, with delta statistic: 0
#
#
#***Warning: Number of trials exceeded before bracketing of delta fit-stat.
#Last attempt: 0.001, with delta statistic: 0
#
#
#***Warning: Number of trials exceeded before bracketing of delta fit-stat.
#Last attempt: 0.001, with delta statistic: 0
#
#
#***Warning: Number of trials exceeded before bracketing of delta fit-stat.
#Last attempt: 0.001, with delta statistic: 0
#
#***Warning: Error search cannot find bracket around delta fit-stat,
#   will automatically exit from trials loop.
#   parameter lower  bound is INVALID.
#
#     6            0    0.0219578    (-0.00258067,0.0193771)
#     8     0.482415      0.48823    (-0.000730925,0.00508452)
#
!XSPEC12> log none
#