#XSPEC version: 12.11.0
#Build Date/Time: Thu Jul  2 16:22:45 2020
#
!XSPEC12> freeze 1-3 13 14 19 20 23
#
#Fit statistic  : PG-Statistic                 161.94     using 162 bins.
#
#Test statistic : Chi-Squared                  196.81     using 162 bins.
# Null hypothesis probability of 1.95e-02 with 158 degrees of freedom
# Current data and model not fit yet.
#
!XSPEC12> chatter 5 5
#
!XSPEC12> fit
#
!XSPEC12> err 5 6 8
#Apparent non-monotonicity in statistic space detected.
#Current bracket values 1.02837, 1.02762
#and delta stat 0.694827, 7.57983
#but latest trial 1.02766 gives 7.63392
#Suggest that you check this result using the steppar command.
#Apparent non-monotonicity in statistic space detected.
#Current bracket values 1.34697, 1.48131
#and delta stat 0, 42.0722
#but latest trial 1.46091 gives 51.823
#Suggest that you check this result using the steppar command.
#     5      1.37733      1.41414    (-0.0192997,0.0175127)
#***Warning: New best fit found, fit parameters will be set to new values.
#***Warning: New best fit found, fit parameters will be set to new values.
#
#***Warning: Number of trials exceeded before bracketing of delta fit-stat.
#Last attempt: 1.3, with delta statistic: 2.24958
#
#
#***Warning: Number of trials exceeded before bracketing of delta fit-stat.
#Last attempt: 1.3, with delta statistic: 2.24958
#
#
#***Warning: Number of trials exceeded before bracketing of delta fit-stat.
#Last attempt: 1.3, with delta statistic: 2.24958
#
#
#***Warning: Number of trials exceeded before bracketing of delta fit-stat.
#Last attempt: 1.3, with delta statistic: 2.24958
#
#***Warning: Error search cannot find bracket around delta fit-stat,
#   will automatically exit from trials loop.
#   parameter lower  bound is INVALID.
#
#***Warning: New best fit found, fit parameters will be set to new values.
#
#***Warning: Number of trials exceeded before bracketing of delta fit-stat.
#Last attempt: 1.3, with delta statistic: 2.25968
#
#
#***Warning: Number of trials exceeded before bracketing of delta fit-stat.
#Last attempt: 1.3, with delta statistic: 2.25968
#
#
#***Warning: Number of trials exceeded before bracketing of delta fit-stat.
#Last attempt: 1.3, with delta statistic: 2.25968
#
#
#***Warning: Number of trials exceeded before bracketing of delta fit-stat.
#Last attempt: 1.3, with delta statistic: 2.25968
#
#***Warning: Error search cannot find bracket around delta fit-stat,
#   will automatically exit from trials loop.
#   parameter lower  bound is INVALID.
#
#Apparent non-monotonicity in statistic space detected.
#Current bracket values 1.09043, 1.81513
#and delta stat 0.00241001, 2260.45
#but latest trial 1.10976 gives 0.00209908
#Suggest that you check this result using the steppar command.
#     5      1.37733      1.45278    (-0.00146731,0.0739878)
#
#***Warning: Number of trials exceeded before bracketing of delta fit-stat.
#Last attempt: 0.999, with delta statistic: 0
#
#
#***Warning: Number of trials exceeded before bracketing of delta fit-stat.
#Last attempt: 0.999, with delta statistic: 0
#
#Apparent non-monotonicity in statistic space detected.
#Current bracket values 1.95491e+10, -2.42921e+11
#and delta stat 1.45519e-11, 2526.03
#but latest trial 1.91277e+10 gives 1.44951e-11
#Suggest that you check this result using the steppar command.
#
#***Warning: Number of trials exceeded before bracketing of delta fit-stat.
#Last attempt: 0.999, with delta statistic: 0
#
#
#***Warning: Number of trials exceeded before bracketing of delta fit-stat.
#Last attempt: 0.999, with delta statistic: 0
#
#
#***Warning: Number of trials exceeded before bracketing of delta fit-stat.
#Last attempt: 0.999, with delta statistic: 0
#
#
#***Warning: Number of trials exceeded before bracketing of delta fit-stat.
#Last attempt: 0.999, with delta statistic: 0
#
#***Warning: Error search cannot find bracket around delta fit-stat,
#   will automatically exit from trials loop.
#   parameter upper  bound is INVALID.
#
#     6        0.001            0    (-0.998,-0.999)
#     8     0.382605     0.455251    (-0.0395438,0.0331017)
#
!XSPEC12> log none
#