#XSPEC version: 12.11.0
#Build Date/Time: Thu Jul  2 16:22:45 2020
#
!XSPEC12> freeze 1-3 13 14 19 20 23
#
#Fit statistic  : PG-Statistic                 171.75     using 171 bins.
#
#Test statistic : Chi-Squared                  208.78     using 171 bins.
# Null hypothesis probability of 1.56e-02 with 167 degrees of freedom
# Current data and model not fit yet.
#
!XSPEC12> chatter 5 5
#
!XSPEC12> fit
#
!XSPEC12> err 5 6 8
#Apparent non-monotonicity in statistic space detected.
#Current bracket values 2.38687, 2.09373
#and delta stat 0, 3.9171
#but latest trial 2.19573 gives 40.48
#Suggest that you check this result using the steppar command.
#     5       2.2403      2.80032    (-0.146296,0.413725)
#***Warning: New best fit found, fit parameters will be set to new values.
#Apparent non-monotonicity in statistic space detected.
#Current bracket values 2.37076, 4.16231
#and delta stat 0, 12.6937
#but latest trial 2.54971 gives 55.4213
#Suggest that you check this result using the steppar command.
#     5      1.94622      3.25498    (-0.42454,0.884228)
#
#***Warning: Number of trials exceeded before bracketing of delta fit-stat.
#Last attempt: 0.001, with delta statistic: 0
#
#
#***Warning: Number of trials exceeded before bracketing of delta fit-stat.
#Last attempt: 0.001, with delta statistic: 0
#
#
#***Warning: Number of trials exceeded before bracketing of delta fit-stat.
#Last attempt: 0.001, with delta statistic: 0
#
#
#***Warning: Number of trials exceeded before bracketing of delta fit-stat.
#Last attempt: 0.001, with delta statistic: 0
#
#***Warning: Error search cannot find bracket around delta fit-stat,
#   will automatically exit from trials loop.
#   parameter lower  bound is INVALID.
#
#
#***Warning: Number of trials exceeded before bracketing of delta fit-stat.
#Last attempt: 0.001, with delta statistic: 0
#
#
#***Warning: Number of trials exceeded before bracketing of delta fit-stat.
#Last attempt: 0.001, with delta statistic: 0
#
#
#***Warning: Number of trials exceeded before convergence.
#Current trial values -2.54689e+12, 2.34385e+11
#and delta statistic 0, 171.357
#
#Apparent non-monotonicity in statistic space detected.
#Current bracket values -2.54689e+12, 2.34385e+11
#and delta stat 0, 171.357
#but latest trial 7.74809e+10 gives 171.361
#Suggest that you check this result using the steppar command.
#     6            0        0.001    (-0.001,2.20223e-15)
#
#***Warning: Number of trials exceeded before convergence.
#Current trial values 5.05824, 5.06901
#and delta statistic 1.8905, 18.0145
#
#***Warning: Identical values of the parameter give different values of the statistic.
#Please check your result for the high end of the confidence range.
#     8      1.60099      2.94709    (-0.354238,0.991857)
#
!XSPEC12> log none
#