#XSPEC version: 12.11.0
#Build Date/Time: Thu Jul  2 16:22:45 2020
#
!XSPEC12> freeze 1-3 13 14 19 20 23
#
#Fit statistic  : PG-Statistic                  85.71     using 98 bins.
#
#Test statistic : Chi-Squared                   91.46     using 98 bins.
# Null hypothesis probability of 5.55e-01 with 94 degrees of freedom
# Current data and model not fit yet.
#
!XSPEC12> chatter 5 5
#
!XSPEC12> fit
#
!XSPEC12> err 5 6 8
#
#***Warning: Number of trials exceeded before bracketing of delta fit-stat.
#Last attempt: 1.3, with delta statistic: 0.952838
#
#
#***Warning: Number of trials exceeded before bracketing of delta fit-stat.
#Last attempt: 1.3, with delta statistic: 0.952857
#
#
#***Warning: Number of trials exceeded before bracketing of delta fit-stat.
#Last attempt: 1.3, with delta statistic: 0.952857
#
#
#***Warning: Number of trials exceeded before bracketing of delta fit-stat.
#Last attempt: 1.3, with delta statistic: 0.952857
#
#***Warning: Error search cannot find bracket around delta fit-stat,
#   will automatically exit from trials loop.
#   parameter lower  bound is INVALID.
#
#     5            0      1.41559    (-1.3944,0.0211903)
#
#***Warning: Number of trials exceeded before bracketing of delta fit-stat.
#Last attempt: 0.001, with delta statistic: 0
#
#
#***Warning: Number of trials exceeded before bracketing of delta fit-stat.
#Last attempt: 0.001, with delta statistic: 0
#
#
#***Warning: Number of trials exceeded before bracketing of delta fit-stat.
#Last attempt: 0.001, with delta statistic: 0
#
#
#***Warning: Number of trials exceeded before bracketing of delta fit-stat.
#Last attempt: 0.001, with delta statistic: 0
#
#***Warning: Error search cannot find bracket around delta fit-stat,
#   will automatically exit from trials loop.
#   parameter lower  bound is INVALID.
#
#     6            0     0.463299    (-0.00498981,0.458309)
#
#***Warning: Number of trials exceeded before bracketing of delta fit-stat.
#Last attempt: 0.1, with delta statistic: 0
#
#
#***Warning: Number of trials exceeded before bracketing of delta fit-stat.
#Last attempt: 0.1, with delta statistic: 0
#
#***Warning: Error search cannot find bracket around delta fit-stat,
#   will automatically exit from trials loop.
#   parameter lower  bound is INVALID.
#
#Apparent non-monotonicity in statistic space detected.
#Current bracket values 0.1, 106.334
#and delta stat 0, 5.60248
#but latest trial 73.9309 gives 7.99787
#Suggest that you check this result using the steppar command.
#     8            0      2.99747    (-0.14841,2.84907)
#
!XSPEC12> log none
#